Using pre-set license
Built from '2020.3/staging' branch; Version is '2020.3.25f1 (9b9180224418) revision 10195328'; Using compiler version '192528614'; Build Type 'Release'
OS: 'Windows 11  (10.0.22000) 64bit CoreSingleLanguage' Language: 'es' Physical Memory: 7103 MB
BatchMode: 1, IsHumanControllingUs: 0, StartBugReporterOnCrash: 0, Is64bit: 1, IsPro: 0

COMMAND LINE ARGUMENTS:
D:\canoj\Unity Hub\2020.3.25f1\Editor\Unity.exe
-adb2
-batchMode
-noUpm
-name
AssetImportWorker0
-projectPath
D:/canoj/UNIVERSIDAD/2021-2/VIDEOJUEGOS/MyArkanoid/unal-intro-games-arkanoid
-logFile
Logs/AssetImportWorker0.log
-srvPort
64885
Successfully changed project path to: D:/canoj/UNIVERSIDAD/2021-2/VIDEOJUEGOS/MyArkanoid/unal-intro-games-arkanoid
D:/canoj/UNIVERSIDAD/2021-2/VIDEOJUEGOS/MyArkanoid/unal-intro-games-arkanoid
Using Asset Import Pipeline V2.
Refreshing native plugins compatible for Editor in 90.06 ms, found 3 plugins.
Preloading 0 native plugins for Editor in 0.00 ms.
Initialize engine version: 2020.3.25f1 (9b9180224418)
[Subsystems] Discovering subsystems at path D:/canoj/Unity Hub/2020.3.25f1/Editor/Data/Resources/UnitySubsystems
[Subsystems] Discovering subsystems at path D:/canoj/UNIVERSIDAD/2021-2/VIDEOJUEGOS/MyArkanoid/unal-intro-games-arkanoid/Assets
GfxDevice: creating device client; threaded=0
Direct3D:
    Version:  Direct3D 11.0 [level 11.1]
    Renderer: AMD Radeon(TM) Vega 8 Graphics (ID=0x15d8)
    Vendor:   
    VRAM:     3551 MB
    Driver:   26.20.11030.22001
Initialize mono
Mono path[0] = 'D:/canoj/Unity Hub/2020.3.25f1/Editor/Data/Managed'
Mono path[1] = 'D:/canoj/Unity Hub/2020.3.25f1/Editor/Data/MonoBleedingEdge/lib/mono/unityjit'
Mono config path = 'D:/canoj/Unity Hub/2020.3.25f1/Editor/Data/MonoBleedingEdge/etc'
Using monoOptions --debugger-agent=transport=dt_socket,embedding=1,server=y,suspend=n,address=127.0.0.1:56588
Begin MonoManager ReloadAssembly
Registering precompiled unity dll's ...
Register platform support module: D:/canoj/Unity Hub/2020.3.25f1/Editor/Data/PlaybackEngines/WebGLSupport/UnityEditor.WebGL.Extensions.dll
Register platform support module: D:/canoj/Unity Hub/2020.3.25f1/Editor/Data/PlaybackEngines/WindowsStandaloneSupport/UnityEditor.WindowsStandalone.Extensions.dll
Registered in 0.006616 seconds.
Native extension for WindowsStandalone target not found
Native extension for WebGL target not found
Refreshing native plugins compatible for Editor in 76.64 ms, found 3 plugins.
Preloading 0 native plugins for Editor in 0.00 ms.
Mono: successfully reloaded assembly
- Completed reload, in  1.088 seconds
Domain Reload Profiling:
	ReloadAssembly (1088ms)
		BeginReloadAssembly (147ms)
			ExecutionOrderSort (0ms)
			DisableScriptedObjects (0ms)
			BackupInstance (0ms)
			ReleaseScriptingObjects (0ms)
			CreateAndSetChildDomain (1ms)
		EndReloadAssembly (784ms)
			LoadAssemblies (140ms)
			RebuildTransferFunctionScriptingTraits (0ms)
			SetupTypeCache (236ms)
			ReleaseScriptCaches (0ms)
			RebuildScriptCaches (48ms)
			SetupLoadedEditorAssemblies (310ms)
				LogAssemblyErrors (0ms)
				InitializePlatformSupportModulesInManaged (12ms)
				SetLoadedEditorAssemblies (0ms)
				RefreshPlugins (77ms)
				BeforeProcessingInitializeOnLoad (15ms)
				ProcessInitializeOnLoadAttributes (139ms)
				ProcessInitializeOnLoadMethodAttributes (66ms)
				AfterProcessingInitializeOnLoad (0ms)
				EditorAssembliesLoaded (0ms)
			ExecutionOrderSort2 (0ms)
			AwakeInstancesAfterBackupRestoration (0ms)
Platform modules already initialized, skipping
Registering precompiled user dll's ...
Registered in 0.011659 seconds.
Begin MonoManager ReloadAssembly
Native extension for WindowsStandalone target not found
Native extension for WebGL target not found
Refreshing native plugins compatible for Editor in 58.46 ms, found 3 plugins.
Preloading 0 native plugins for Editor in 0.00 ms.
Mono: successfully reloaded assembly
- Completed reload, in  2.059 seconds
Domain Reload Profiling:
	ReloadAssembly (2062ms)
		BeginReloadAssembly (317ms)
			ExecutionOrderSort (0ms)
			DisableScriptedObjects (12ms)
			BackupInstance (0ms)
			ReleaseScriptingObjects (0ms)
			CreateAndSetChildDomain (37ms)
		EndReloadAssembly (1563ms)
			LoadAssemblies (242ms)
			RebuildTransferFunctionScriptingTraits (0ms)
			SetupTypeCache (490ms)
			ReleaseScriptCaches (1ms)
			RebuildScriptCaches (66ms)
			SetupLoadedEditorAssemblies (613ms)
				LogAssemblyErrors (0ms)
				InitializePlatformSupportModulesInManaged (7ms)
				SetLoadedEditorAssemblies (0ms)
				RefreshPlugins (59ms)
				BeforeProcessingInitializeOnLoad (117ms)
				ProcessInitializeOnLoadAttributes (349ms)
				ProcessInitializeOnLoadMethodAttributes (52ms)
				AfterProcessingInitializeOnLoad (29ms)
				EditorAssembliesLoaded (0ms)
			ExecutionOrderSort2 (0ms)
			AwakeInstancesAfterBackupRestoration (20ms)
Platform modules already initialized, skipping
========================================================================
Worker process is ready to serve import requests
Launched and connected shader compiler UnityShaderCompiler.exe after 0.09 seconds
Refreshing native plugins compatible for Editor in 1.28 ms, found 3 plugins.
Preloading 0 native plugins for Editor in 0.00 ms.
Unloading 2217 Unused Serialized files (Serialized files now loaded: 0)
System memory in use before: 99.0 MB.
System memory in use after: 99.1 MB.

Unloading 28 unused Assets to reduce memory usage. Loaded Objects now: 2651.
Total: 5.291200 ms (FindLiveObjects: 0.338800 ms CreateObjectMapping: 0.082400 ms MarkObjects: 4.739900 ms  DeleteObjects: 0.128000 ms)

AssetImportParameters requested are different than current active one (requested -> active):
  custom:framework-win-MediaFoundation: 216162199b28c13a410421893ffa2e32 -> 
  custom:video-decoder-ogg-theora: a1e56fd34408186e4bbccfd4996cb3dc -> 
  custom:container-muxer-webm: aa71ff27fc2769a1b78a27578f13a17b -> 
  custom:container-demuxer-webm: 4f35f7cbe854078d1ac9338744f61a02 -> 
  custom:container-demuxer-ogg: 62fdf1f143b41e24485cea50d1cbac27 -> 
  custom:video-encoder-webm-vp8: eb34c28f22e8b96e1ab97ce403110664 -> 
  custom:video-codec-MediaFoundation-h265: 746d11721c4dcdbdad8f713fa42b33f4 -> 
  custom:video-decoder-webm-vp8: 9c59270c3fd7afecdb556c50c9e8de78 -> 
  custom:audio-decoder-ogg-vorbis: bf7c407c2cedff20999df2af8eb42d56 -> 
  custom:audio-encoder-webm-vorbis: bf7c407c2cedff20999df2af8eb42d56 -> 
========================================================================
Received Import Request.
  path: Assets/Scr/ArkanoidController.cs
  artifactKey: Guid(0ac4be36bccbc2f43a40d338d6c0f063) Importer(815301076,1909f56bfc062723c751e8b465ee728b)
Start importing Assets/Scr/ArkanoidController.cs using Guid(0ac4be36bccbc2f43a40d338d6c0f063) Importer(815301076,1909f56bfc062723c751e8b465ee728b)  -> (artifact id: '1bea98c92d991a2d394c298619848f2b') in 0.069903 seconds 
  Import took 0.076676 seconds .

========================================================================
Received Prepare
Registering precompiled user dll's ...
Registered in 0.009853 seconds.
Begin MonoManager ReloadAssembly
Native extension for WindowsStandalone target not found
Native extension for WebGL target not found
Refreshing native plugins compatible for Editor in 1.12 ms, found 3 plugins.
Preloading 0 native plugins for Editor in 0.00 ms.
Mono: successfully reloaded assembly
- Completed reload, in  2.478 seconds
Domain Reload Profiling:
	ReloadAssembly (2479ms)
		BeginReloadAssembly (271ms)
			ExecutionOrderSort (0ms)
			DisableScriptedObjects (10ms)
			BackupInstance (0ms)
			ReleaseScriptingObjects (0ms)
			CreateAndSetChildDomain (83ms)
		EndReloadAssembly (2089ms)
			LoadAssemblies (249ms)
			RebuildTransferFunctionScriptingTraits (0ms)
			SetupTypeCache (756ms)
			ReleaseScriptCaches (1ms)
			RebuildScriptCaches (83ms)
			SetupLoadedEditorAssemblies (675ms)
				LogAssemblyErrors (0ms)
				InitializePlatformSupportModulesInManaged (19ms)
				SetLoadedEditorAssemblies (1ms)
				RefreshPlugins (1ms)
				BeforeProcessingInitializeOnLoad (231ms)
				ProcessInitializeOnLoadAttributes (382ms)
				ProcessInitializeOnLoadMethodAttributes (23ms)
				AfterProcessingInitializeOnLoad (18ms)
				EditorAssembliesLoaded (0ms)
			ExecutionOrderSort2 (0ms)
			AwakeInstancesAfterBackupRestoration (15ms)
Platform modules already initialized, skipping
Refreshing native plugins compatible for Editor in 1.08 ms, found 3 plugins.
Preloading 0 native plugins for Editor in 0.00 ms.
Unloading 2193 Unused Serialized files (Serialized files now loaded: 0)
System memory in use before: 97.0 MB.
System memory in use after: 97.1 MB.

Unloading 17 unused Assets to reduce memory usage. Loaded Objects now: 2653.
Total: 6.126600 ms (FindLiveObjects: 0.318400 ms CreateObjectMapping: 0.092400 ms MarkObjects: 5.621700 ms  DeleteObjects: 0.090900 ms)

AssetImportParameters requested are different than current active one (requested -> active):
  custom:framework-win-MediaFoundation: 216162199b28c13a410421893ffa2e32 -> 
  custom:video-decoder-ogg-theora: a1e56fd34408186e4bbccfd4996cb3dc -> 
  custom:container-muxer-webm: aa71ff27fc2769a1b78a27578f13a17b -> 
  custom:container-demuxer-webm: 4f35f7cbe854078d1ac9338744f61a02 -> 
  custom:container-demuxer-ogg: 62fdf1f143b41e24485cea50d1cbac27 -> 
  custom:video-encoder-webm-vp8: eb34c28f22e8b96e1ab97ce403110664 -> 
  custom:video-codec-MediaFoundation-h265: 746d11721c4dcdbdad8f713fa42b33f4 -> 
  custom:video-decoder-webm-vp8: 9c59270c3fd7afecdb556c50c9e8de78 -> 
  custom:audio-decoder-ogg-vorbis: bf7c407c2cedff20999df2af8eb42d56 -> 
  custom:audio-encoder-webm-vorbis: bf7c407c2cedff20999df2af8eb42d56 -> 
========================================================================
Received Import Request.
  Time since last request: 103.782737 seconds.
  path: Assets/Scr/ArkanoidController.cs
  artifactKey: Guid(0ac4be36bccbc2f43a40d338d6c0f063) Importer(815301076,1909f56bfc062723c751e8b465ee728b)
Start importing Assets/Scr/ArkanoidController.cs using Guid(0ac4be36bccbc2f43a40d338d6c0f063) Importer(815301076,1909f56bfc062723c751e8b465ee728b)  -> (artifact id: '2d1c15d3fc7cddc0d0ea8dc070b58f28') in 0.012034 seconds 
  Import took 0.017441 seconds .

========================================================================
Received Prepare
Registering precompiled user dll's ...
Registered in 0.012124 seconds.
Begin MonoManager ReloadAssembly
Native extension for WindowsStandalone target not found
Native extension for WebGL target not found
Refreshing native plugins compatible for Editor in 0.72 ms, found 3 plugins.
Preloading 0 native plugins for Editor in 0.00 ms.
Mono: successfully reloaded assembly
- Completed reload, in  2.208 seconds
Domain Reload Profiling:
	ReloadAssembly (2209ms)
		BeginReloadAssembly (251ms)
			ExecutionOrderSort (0ms)
			DisableScriptedObjects (10ms)
			BackupInstance (0ms)
			ReleaseScriptingObjects (0ms)
			CreateAndSetChildDomain (89ms)
		EndReloadAssembly (1863ms)
			LoadAssemblies (150ms)
			RebuildTransferFunctionScriptingTraits (0ms)
			SetupTypeCache (684ms)
			ReleaseScriptCaches (1ms)
			RebuildScriptCaches (78ms)
			SetupLoadedEditorAssemblies (796ms)
				LogAssemblyErrors (0ms)
				InitializePlatformSupportModulesInManaged (9ms)
				SetLoadedEditorAssemblies (1ms)
				RefreshPlugins (1ms)
				BeforeProcessingInitializeOnLoad (199ms)
				ProcessInitializeOnLoadAttributes (552ms)
				ProcessInitializeOnLoadMethodAttributes (17ms)
				AfterProcessingInitializeOnLoad (17ms)
				EditorAssembliesLoaded (0ms)
			ExecutionOrderSort2 (0ms)
			AwakeInstancesAfterBackupRestoration (12ms)
Platform modules already initialized, skipping
Refreshing native plugins compatible for Editor in 1.24 ms, found 3 plugins.
Preloading 0 native plugins for Editor in 0.00 ms.
Unloading 2193 Unused Serialized files (Serialized files now loaded: 0)
System memory in use before: 97.1 MB.
System memory in use after: 97.2 MB.

Unloading 17 unused Assets to reduce memory usage. Loaded Objects now: 2655.
Total: 8.465100 ms (FindLiveObjects: 0.340400 ms CreateObjectMapping: 0.121000 ms MarkObjects: 7.958800 ms  DeleteObjects: 0.041800 ms)

AssetImportParameters requested are different than current active one (requested -> active):
  custom:framework-win-MediaFoundation: 216162199b28c13a410421893ffa2e32 -> 
  custom:video-decoder-ogg-theora: a1e56fd34408186e4bbccfd4996cb3dc -> 
  custom:container-muxer-webm: aa71ff27fc2769a1b78a27578f13a17b -> 
  custom:container-demuxer-webm: 4f35f7cbe854078d1ac9338744f61a02 -> 
  custom:container-demuxer-ogg: 62fdf1f143b41e24485cea50d1cbac27 -> 
  custom:video-encoder-webm-vp8: eb34c28f22e8b96e1ab97ce403110664 -> 
  custom:video-codec-MediaFoundation-h265: 746d11721c4dcdbdad8f713fa42b33f4 -> 
  custom:video-decoder-webm-vp8: 9c59270c3fd7afecdb556c50c9e8de78 -> 
  custom:audio-decoder-ogg-vorbis: bf7c407c2cedff20999df2af8eb42d56 -> 
  custom:audio-encoder-webm-vorbis: bf7c407c2cedff20999df2af8eb42d56 -> 
========================================================================
Received Import Request.
  Time since last request: 110.013343 seconds.
  path: Assets/Scr/ArkanoidController.cs
  artifactKey: Guid(0ac4be36bccbc2f43a40d338d6c0f063) Importer(815301076,1909f56bfc062723c751e8b465ee728b)
Start importing Assets/Scr/ArkanoidController.cs using Guid(0ac4be36bccbc2f43a40d338d6c0f063) Importer(815301076,1909f56bfc062723c751e8b465ee728b)  -> (artifact id: '365d688c3a4c47cd1f5efefd1fc23aeb') in 0.015320 seconds 
  Import took 0.021227 seconds .

========================================================================
Received Import Request.
  Time since last request: 5.493798 seconds.
  path: Assets/Scr/Grid
  artifactKey: Guid(5d39cd9b1e86ebf48812269ac1400c03) Importer(815301076,1909f56bfc062723c751e8b465ee728b)
Start importing Assets/Scr/Grid using Guid(5d39cd9b1e86ebf48812269ac1400c03) Importer(815301076,1909f56bfc062723c751e8b465ee728b)  -> (artifact id: '5b555968c43e7fe4941ff37f5d3bc7c1') in 0.039807 seconds 
  Import took 0.048420 seconds .

========================================================================
Received Import Request.
  Time since last request: 10.985528 seconds.
  path: Assets/Scr/Grid/PowerUps
  artifactKey: Guid(6644e67bfd367ab4a9b9335103622abb) Importer(815301076,1909f56bfc062723c751e8b465ee728b)
Start importing Assets/Scr/Grid/PowerUps using Guid(6644e67bfd367ab4a9b9335103622abb) Importer(815301076,1909f56bfc062723c751e8b465ee728b)  -> (artifact id: '22745c8f88c713ba471a6a6de7b0f301') in 0.031880 seconds 
  Import took 0.043475 seconds .

========================================================================
Received Import Request.
  Time since last request: 16.723851 seconds.
  path: Assets/Resources/Prefabs
  artifactKey: Guid(bface05cef9191c4e8a6d80f72db70c1) Importer(815301076,1909f56bfc062723c751e8b465ee728b)
Start importing Assets/Resources/Prefabs using Guid(bface05cef9191c4e8a6d80f72db70c1) Importer(815301076,1909f56bfc062723c751e8b465ee728b)  -> (artifact id: 'd02295939ed033f6384c0344d812777a') in 0.026759 seconds 
  Import took 0.035651 seconds .

========================================================================
Received Import Request.
  Time since last request: 0.050858 seconds.
  path: Assets/Resources/Prefabs/Ball.prefab
  artifactKey: Guid(dfa1a79e79f953145b9cdce733f6f8eb) Importer(815301076,1909f56bfc062723c751e8b465ee728b)
Start importing Assets/Resources/Prefabs/Ball.prefab using Guid(dfa1a79e79f953145b9cdce733f6f8eb) Importer(815301076,1909f56bfc062723c751e8b465ee728b)  -> (artifact id: 'ecbbc5eff16c39bb1bc2d936b984894f') in 0.334900 seconds 
  Import took 0.341343 seconds .

========================================================================
Received Import Request.
  Time since last request: 0.000359 seconds.
  path: Assets/Resources/Prefabs/BigBlockTile.prefab
  artifactKey: Guid(9fd6c17e9ec4a82439046cbed5adae12) Importer(815301076,1909f56bfc062723c751e8b465ee728b)
Start importing Assets/Resources/Prefabs/BigBlockTile.prefab using Guid(9fd6c17e9ec4a82439046cbed5adae12) Importer(815301076,1909f56bfc062723c751e8b465ee728b)  -> (artifact id: '152e5e761882bb272344bebfa9d69d55') in 0.049833 seconds 
  Import took 0.054567 seconds .

========================================================================
Received Import Request.
  Time since last request: 11.079661 seconds.
  path: Assets/Resources/Prefabs/PowerUps
  artifactKey: Guid(729aff3863622fa46873536a4ae324bd) Importer(815301076,1909f56bfc062723c751e8b465ee728b)
Start importing Assets/Resources/Prefabs/PowerUps using Guid(729aff3863622fa46873536a4ae324bd) Importer(815301076,1909f56bfc062723c751e8b465ee728b)  -> (artifact id: '8e2af5b0c95a05826bb29c65eb3fc052') in 0.010952 seconds 
  Import took 0.021263 seconds .

========================================================================
Received Import Request.
  Time since last request: 16.700611 seconds.
  path: Assets/Resources/Prefabs/PowerUps/New Prefab.prefab
  artifactKey: Guid(26299622d2752dc4b9a8863eec5a19d2) Importer(815301076,1909f56bfc062723c751e8b465ee728b)
Start importing Assets/Resources/Prefabs/PowerUps/New Prefab.prefab using Guid(26299622d2752dc4b9a8863eec5a19d2) Importer(815301076,1909f56bfc062723c751e8b465ee728b)  -> (artifact id: '9cfa6ac0006b902ca0e69dc42bfd16bf') in 0.028036 seconds 
  Import took 0.038283 seconds .

========================================================================
Received Import Request.
  Time since last request: 9.913153 seconds.
  path: Assets/Resources/Prefabs/PowerUps/50pts.prefab
  artifactKey: Guid(26299622d2752dc4b9a8863eec5a19d2) Importer(815301076,1909f56bfc062723c751e8b465ee728b)
Start importing Assets/Resources/Prefabs/PowerUps/50pts.prefab using Guid(26299622d2752dc4b9a8863eec5a19d2) Importer(815301076,1909f56bfc062723c751e8b465ee728b)  -> (artifact id: '0e75a360bb6cf424db299013aad0faf0') in 0.021068 seconds 
  Import took 0.028306 seconds .

========================================================================
Received Import Request.
  Time since last request: 24.420883 seconds.
  path: Assets/Packables/Sprites/11-Breakout-Tiles.png
  artifactKey: Guid(a9ae6423bc9142c4fbe322f6227c7f58) Importer(815301076,1909f56bfc062723c751e8b465ee728b)
Start importing Assets/Packables/Sprites/11-Breakout-Tiles.png using Guid(a9ae6423bc9142c4fbe322f6227c7f58) Importer(815301076,1909f56bfc062723c751e8b465ee728b)  -> (artifact id: '3e815246d8a24a2cb6c22c67b2c43131') in 0.333862 seconds 
  Import took 0.344078 seconds .

========================================================================
Received Import Request.
  Time since last request: 0.000448 seconds.
  path: Assets/Packables/Sprites/14-Breakout-Tiles.png
  artifactKey: Guid(d329268e552214b4393969a3a64e52e5) Importer(815301076,1909f56bfc062723c751e8b465ee728b)
Start importing Assets/Packables/Sprites/14-Breakout-Tiles.png using Guid(d329268e552214b4393969a3a64e52e5) Importer(815301076,1909f56bfc062723c751e8b465ee728b)  -> (artifact id: 'c718124d434ef4fe987d05f4eac51441') in 0.079067 seconds 
  Import took 0.087790 seconds .

========================================================================
Received Import Request.
  Time since last request: 0.000343 seconds.
  path: Assets/Packables/Sprites/16-Breakout-Tiles.png
  artifactKey: Guid(3bbda09db08a02641a1045436a2dfad7) Importer(815301076,1909f56bfc062723c751e8b465ee728b)
Start importing Assets/Packables/Sprites/16-Breakout-Tiles.png using Guid(3bbda09db08a02641a1045436a2dfad7) Importer(815301076,1909f56bfc062723c751e8b465ee728b)  -> (artifact id: '2e179b6309a5bbdd1aa9ada5e2dfb7b8') in 0.056845 seconds 
  Import took 0.062286 seconds .

========================================================================
Received Import Request.
  Time since last request: 0.000381 seconds.
  path: Assets/Packables/Sprites/15-Breakout-Tiles.png
  artifactKey: Guid(d32ec72879bf7584988858b9f4017f02) Importer(815301076,1909f56bfc062723c751e8b465ee728b)
Start importing Assets/Packables/Sprites/15-Breakout-Tiles.png using Guid(d32ec72879bf7584988858b9f4017f02) Importer(815301076,1909f56bfc062723c751e8b465ee728b)  -> (artifact id: 'c672eb2bab7639385289b87c7f3ae7b8') in 0.044490 seconds 
  Import took 0.050080 seconds .

========================================================================
Received Import Request.
  Time since last request: 0.000313 seconds.
  path: Assets/Packables/Sprites/12-Breakout-Tiles.png
  artifactKey: Guid(8676f49d636ff6340b885ef3c71c647b) Importer(815301076,1909f56bfc062723c751e8b465ee728b)
Start importing Assets/Packables/Sprites/12-Breakout-Tiles.png using Guid(8676f49d636ff6340b885ef3c71c647b) Importer(815301076,1909f56bfc062723c751e8b465ee728b)  -> (artifact id: 'ae74b6dba904ecb9a16de08b35d5defe') in 0.043545 seconds 
  Import took 0.048814 seconds .

========================================================================
Received Import Request.
  Time since last request: 0.000278 seconds.
  path: Assets/Packables/Sprites/13-Breakout-Tiles.png
  artifactKey: Guid(07f70ddb06833d4458f510b59ca1abd0) Importer(815301076,1909f56bfc062723c751e8b465ee728b)
Start importing Assets/Packables/Sprites/13-Breakout-Tiles.png using Guid(07f70ddb06833d4458f510b59ca1abd0) Importer(815301076,1909f56bfc062723c751e8b465ee728b)  -> (artifact id: '803a4eb27fb885d8cd0cb77f1c4e24da') in 0.042236 seconds 
  Import took 0.046796 seconds .

========================================================================
Received Import Request.
  Time since last request: 0.190755 seconds.
  path: Assets/Packables/Sprites/17-Breakout-Tiles.png
  artifactKey: Guid(aa7f4e29cda377c469596d012593f310) Importer(815301076,1909f56bfc062723c751e8b465ee728b)
Start importing Assets/Packables/Sprites/17-Breakout-Tiles.png using Guid(aa7f4e29cda377c469596d012593f310) Importer(815301076,1909f56bfc062723c751e8b465ee728b)  -> (artifact id: 'd42e23158e244583f97cb96cf9e7a4c4') in 0.080598 seconds 
  Import took 0.087447 seconds .

========================================================================
Received Import Request.
  Time since last request: 0.000232 seconds.
  path: Assets/Packables/Sprites/18-Breakout-Tiles.png
  artifactKey: Guid(80572bce0ced1a7429d94654944749ab) Importer(815301076,1909f56bfc062723c751e8b465ee728b)
Start importing Assets/Packables/Sprites/18-Breakout-Tiles.png using Guid(80572bce0ced1a7429d94654944749ab) Importer(815301076,1909f56bfc062723c751e8b465ee728b)  -> (artifact id: 'ec5d8d5917a46f73b7a9e018887dbea5') in 0.038352 seconds 
  Import took 0.042996 seconds .

========================================================================
Received Import Request.
  Time since last request: 0.266376 seconds.
  path: Assets/Packables/Sprites/19-Breakout-Tiles.png
  artifactKey: Guid(b6f604298afba644db9bb1f4924c8f5c) Importer(815301076,1909f56bfc062723c751e8b465ee728b)
Start importing Assets/Packables/Sprites/19-Breakout-Tiles.png using Guid(b6f604298afba644db9bb1f4924c8f5c) Importer(815301076,1909f56bfc062723c751e8b465ee728b)  -> (artifact id: '8c8bfda3b455ab340197252b3a87a017') in 0.085169 seconds 
  Import took 0.096366 seconds .

========================================================================
Received Import Request.
  Time since last request: 0.000334 seconds.
  path: Assets/Packables/Sprites/20-Breakout-Tiles.png
  artifactKey: Guid(ffcbb1e3ec7805c43bcbe45a7a6661cc) Importer(815301076,1909f56bfc062723c751e8b465ee728b)
Start importing Assets/Packables/Sprites/20-Breakout-Tiles.png using Guid(ffcbb1e3ec7805c43bcbe45a7a6661cc) Importer(815301076,1909f56bfc062723c751e8b465ee728b)  -> (artifact id: '30d11814d7d103686d86b1bf92b107ba') in 0.047488 seconds 
  Import took 0.052232 seconds .

========================================================================
Received Import Request.
  Time since last request: 0.000282 seconds.
  path: Assets/Packables/Sprites/23-Breakout-Tiles.png
  artifactKey: Guid(546e7e619e12cfd44b363c2bf6d34820) Importer(815301076,1909f56bfc062723c751e8b465ee728b)
Start importing Assets/Packables/Sprites/23-Breakout-Tiles.png using Guid(546e7e619e12cfd44b363c2bf6d34820) Importer(815301076,1909f56bfc062723c751e8b465ee728b)  -> (artifact id: 'e0b3314b24a2d70bab260852dbc9793f') in 0.042641 seconds 
  Import took 0.048098 seconds .

========================================================================
Received Import Request.
  Time since last request: 0.000328 seconds.
  path: Assets/Packables/Sprites/21-Breakout-Tiles.png
  artifactKey: Guid(bdbe65024cc56fc42b1b8ac31b6cd604) Importer(815301076,1909f56bfc062723c751e8b465ee728b)
Start importing Assets/Packables/Sprites/21-Breakout-Tiles.png using Guid(bdbe65024cc56fc42b1b8ac31b6cd604) Importer(815301076,1909f56bfc062723c751e8b465ee728b)  -> (artifact id: 'b359708bfcad8606eca32cc122cbc991') in 0.042907 seconds 
  Import took 0.048816 seconds .

========================================================================
Received Import Request.
  Time since last request: 0.000401 seconds.
  path: Assets/Packables/Sprites/22-Breakout-Tiles.png
  artifactKey: Guid(2c5027f724f9fb9409834ca518c6a922) Importer(815301076,1909f56bfc062723c751e8b465ee728b)
Start importing Assets/Packables/Sprites/22-Breakout-Tiles.png using Guid(2c5027f724f9fb9409834ca518c6a922) Importer(815301076,1909f56bfc062723c751e8b465ee728b)  -> (artifact id: '396ac8c157a62192ee262a6b473e3b54') in 0.041570 seconds 
  Import took 0.046753 seconds .

========================================================================
Received Import Request.
  Time since last request: 0.000289 seconds.
  path: Assets/Packables/Sprites/24-Breakout-Tiles.png
  artifactKey: Guid(6517ccf16deea0a4abd2354dd96e01b9) Importer(815301076,1909f56bfc062723c751e8b465ee728b)
Start importing Assets/Packables/Sprites/24-Breakout-Tiles.png using Guid(6517ccf16deea0a4abd2354dd96e01b9) Importer(815301076,1909f56bfc062723c751e8b465ee728b)  -> (artifact id: 'b5be35cc995b455e455ce6e9dac1d95a') in 0.045649 seconds 
  Import took 0.050504 seconds .

========================================================================
Received Import Request.
  Time since last request: 0.032122 seconds.
  path: Assets/Packables/Sprites/25-Breakout-Tiles.png
  artifactKey: Guid(9183a6024ed5b8640b49cb46c849fe16) Importer(815301076,1909f56bfc062723c751e8b465ee728b)
Start importing Assets/Packables/Sprites/25-Breakout-Tiles.png using Guid(9183a6024ed5b8640b49cb46c849fe16) Importer(815301076,1909f56bfc062723c751e8b465ee728b)  -> (artifact id: '2ccf277fb0420de84d19c93500b31dfb') in 0.044130 seconds 
  Import took 0.050021 seconds .

========================================================================
Received Import Request.
  Time since last request: 0.000384 seconds.
  path: Assets/Packables/Sprites/26-Breakout-Tiles.png
  artifactKey: Guid(287decef842388941a564812c8f85dc8) Importer(815301076,1909f56bfc062723c751e8b465ee728b)
Start importing Assets/Packables/Sprites/26-Breakout-Tiles.png using Guid(287decef842388941a564812c8f85dc8) Importer(815301076,1909f56bfc062723c751e8b465ee728b)  -> (artifact id: 'b97733e9ffb5bd9467ebbcf0d6a86c83') in 0.043511 seconds 
  Import took 0.049192 seconds .

========================================================================
Received Import Request.
  Time since last request: 0.000350 seconds.
  path: Assets/Packables/Sprites/27-Breakout-Tiles.png
  artifactKey: Guid(ab84b355ebaa9154f9424b2f8278cc65) Importer(815301076,1909f56bfc062723c751e8b465ee728b)
Start importing Assets/Packables/Sprites/27-Breakout-Tiles.png using Guid(ab84b355ebaa9154f9424b2f8278cc65) Importer(815301076,1909f56bfc062723c751e8b465ee728b)  -> (artifact id: 'af036ff5d1af72d993e0d6eaae08e33e') in 0.046593 seconds 
  Import took 0.052230 seconds .

========================================================================
Received Import Request.
  Time since last request: 0.000420 seconds.
  path: Assets/Packables/Sprites/28-Breakout-Tiles.png
  artifactKey: Guid(9028064f801d62047a24e472b93f9be1) Importer(815301076,1909f56bfc062723c751e8b465ee728b)
Start importing Assets/Packables/Sprites/28-Breakout-Tiles.png using Guid(9028064f801d62047a24e472b93f9be1) Importer(815301076,1909f56bfc062723c751e8b465ee728b)  -> (artifact id: '87d3bef65210a15e33607c1f1038cdd9') in 0.042171 seconds 
  Import took 0.046634 seconds .

========================================================================
Received Import Request.
  Time since last request: 0.241477 seconds.
  path: Assets/Packables/Sprites/29-Breakout-Tiles.png
  artifactKey: Guid(f27bc8f2ab76ac9438d0ece42be5f90f) Importer(815301076,1909f56bfc062723c751e8b465ee728b)
Start importing Assets/Packables/Sprites/29-Breakout-Tiles.png using Guid(f27bc8f2ab76ac9438d0ece42be5f90f) Importer(815301076,1909f56bfc062723c751e8b465ee728b)  -> (artifact id: '1b340b1153a5b5fba0850cd9cb1c4ca9') in 0.097009 seconds 
  Import took 0.104230 seconds .

========================================================================
Received Import Request.
  Time since last request: 0.000301 seconds.
  path: Assets/Packables/Sprites/30-Breakout-Tiles.png
  artifactKey: Guid(8ae289fa90a6fa149912acbef380a5b9) Importer(815301076,1909f56bfc062723c751e8b465ee728b)
Start importing Assets/Packables/Sprites/30-Breakout-Tiles.png using Guid(8ae289fa90a6fa149912acbef380a5b9) Importer(815301076,1909f56bfc062723c751e8b465ee728b)  -> (artifact id: 'db05d815bfea57564ce58a535cbf3e16') in 0.044027 seconds 
  Import took 0.048696 seconds .

========================================================================
Received Import Request.
  Time since last request: 0.000298 seconds.
  path: Assets/Packables/Sprites/31-Breakout-Tiles.png
  artifactKey: Guid(f9d515f89f8e9c7409451decc56988de) Importer(815301076,1909f56bfc062723c751e8b465ee728b)
Start importing Assets/Packables/Sprites/31-Breakout-Tiles.png using Guid(f9d515f89f8e9c7409451decc56988de) Importer(815301076,1909f56bfc062723c751e8b465ee728b)  -> (artifact id: '9d1c572c3647bc9e50807473137dd0e0') in 0.045212 seconds 
  Import took 0.049579 seconds .

========================================================================
Received Import Request.
  Time since last request: 0.201858 seconds.
  path: Assets/Packables/Sprites/32-Breakout-Tiles.png
  artifactKey: Guid(bf4c0a8cf77a3a1468c59b0712bc9bae) Importer(815301076,1909f56bfc062723c751e8b465ee728b)
Start importing Assets/Packables/Sprites/32-Breakout-Tiles.png using Guid(bf4c0a8cf77a3a1468c59b0712bc9bae) Importer(815301076,1909f56bfc062723c751e8b465ee728b)  -> (artifact id: '2d01169b45c5e14ffa331900c2bcb2ca') in 0.092894 seconds 
  Import took 0.100646 seconds .

========================================================================
Received Import Request.
  Time since last request: 0.000298 seconds.
  path: Assets/Packables/Sprites/35-Breakout-Tiles.png
  artifactKey: Guid(f0d914760e7ce1245989dcc3c87f2fb5) Importer(815301076,1909f56bfc062723c751e8b465ee728b)
Start importing Assets/Packables/Sprites/35-Breakout-Tiles.png using Guid(f0d914760e7ce1245989dcc3c87f2fb5) Importer(815301076,1909f56bfc062723c751e8b465ee728b)  -> (artifact id: 'd9e075c8562e9d0c361885dd6cc03bc0') in 0.047673 seconds 
  Import took 0.053240 seconds .

========================================================================
Received Import Request.
  Time since last request: 0.000294 seconds.
  path: Assets/Packables/Sprites/34-Breakout-Tiles.png
  artifactKey: Guid(9398df8b169d7ad4389f6028573cad3e) Importer(815301076,1909f56bfc062723c751e8b465ee728b)
Start importing Assets/Packables/Sprites/34-Breakout-Tiles.png using Guid(9398df8b169d7ad4389f6028573cad3e) Importer(815301076,1909f56bfc062723c751e8b465ee728b)  -> (artifact id: 'c7421fb2e8f1cc8897e0b4a575bf6363') in 0.044999 seconds 
  Import took 0.049906 seconds .

========================================================================
Received Import Request.
  Time since last request: 0.000326 seconds.
  path: Assets/Packables/Sprites/33-Breakout-Tiles.png
  artifactKey: Guid(658fc0f1f922cbd47bcbe3e93895561b) Importer(815301076,1909f56bfc062723c751e8b465ee728b)
Start importing Assets/Packables/Sprites/33-Breakout-Tiles.png using Guid(658fc0f1f922cbd47bcbe3e93895561b) Importer(815301076,1909f56bfc062723c751e8b465ee728b)  -> (artifact id: 'f3b31ad3016f4ffcfe11084bbdb5f538') in 0.043509 seconds 
  Import took 0.049417 seconds .

========================================================================
Received Import Request.
  Time since last request: 0.000402 seconds.
  path: Assets/Packables/Sprites/36-Breakout-Tiles.png
  artifactKey: Guid(d06241066ace9ae479ed5e0436e4cd66) Importer(815301076,1909f56bfc062723c751e8b465ee728b)
Start importing Assets/Packables/Sprites/36-Breakout-Tiles.png using Guid(d06241066ace9ae479ed5e0436e4cd66) Importer(815301076,1909f56bfc062723c751e8b465ee728b)  -> (artifact id: '3ab14fe2c4e3cb927ece06de7f08ce0f') in 0.044160 seconds 
  Import took 0.048717 seconds .

========================================================================
Received Import Request.
  Time since last request: 0.127717 seconds.
  path: Assets/Packables/Sprites/37-Breakout-Tiles.png
  artifactKey: Guid(100393da2f5c7d446b1cb69f7d6e7834) Importer(815301076,1909f56bfc062723c751e8b465ee728b)
Start importing Assets/Packables/Sprites/37-Breakout-Tiles.png using Guid(100393da2f5c7d446b1cb69f7d6e7834) Importer(815301076,1909f56bfc062723c751e8b465ee728b)  -> (artifact id: 'c454f9826db5d6d3eea13112569cb4d5') in 0.080837 seconds 
  Import took 0.089281 seconds .

========================================================================
Received Import Request.
  Time since last request: 71.622448 seconds.
  path: Assets/Resources/Prefabs/PowerUps/50pts.prefab
  artifactKey: Guid(26299622d2752dc4b9a8863eec5a19d2) Importer(815301076,1909f56bfc062723c751e8b465ee728b)
Start importing Assets/Resources/Prefabs/PowerUps/50pts.prefab using Guid(26299622d2752dc4b9a8863eec5a19d2) Importer(815301076,1909f56bfc062723c751e8b465ee728b)  -> (artifact id: 'bbcf68662b33fc3004c2218e9d334f0c') in 0.032200 seconds 
  Import took 0.039960 seconds .

========================================================================
Received Prepare
Registering precompiled user dll's ...
Registered in 0.010736 seconds.
Begin MonoManager ReloadAssembly
Native extension for WindowsStandalone target not found
Native extension for WebGL target not found
Refreshing native plugins compatible for Editor in 1.30 ms, found 3 plugins.
Preloading 0 native plugins for Editor in 0.00 ms.
Mono: successfully reloaded assembly
- Completed reload, in  2.912 seconds
Domain Reload Profiling:
	ReloadAssembly (2913ms)
		BeginReloadAssembly (258ms)
			ExecutionOrderSort (0ms)
			DisableScriptedObjects (19ms)
			BackupInstance (0ms)
			ReleaseScriptingObjects (0ms)
			CreateAndSetChildDomain (101ms)
		EndReloadAssembly (2462ms)
			LoadAssemblies (271ms)
			RebuildTransferFunctionScriptingTraits (0ms)
			SetupTypeCache (786ms)
			ReleaseScriptCaches (2ms)
			RebuildScriptCaches (121ms)
			SetupLoadedEditorAssemblies (905ms)
				LogAssemblyErrors (0ms)
				InitializePlatformSupportModulesInManaged (17ms)
				SetLoadedEditorAssemblies (1ms)
				RefreshPlugins (1ms)
				BeforeProcessingInitializeOnLoad (239ms)
				ProcessInitializeOnLoadAttributes (572ms)
				ProcessInitializeOnLoadMethodAttributes (37ms)
				AfterProcessingInitializeOnLoad (37ms)
				EditorAssembliesLoaded (0ms)
			ExecutionOrderSort2 (0ms)
			AwakeInstancesAfterBackupRestoration (29ms)
Platform modules already initialized, skipping
Refreshing native plugins compatible for Editor in 1.61 ms, found 3 plugins.
Preloading 0 native plugins for Editor in 0.00 ms.
Unloading 2193 Unused Serialized files (Serialized files now loaded: 0)
System memory in use before: 100.2 MB.
System memory in use after: 100.3 MB.

Unloading 17 unused Assets to reduce memory usage. Loaded Objects now: 2670.
Total: 7.970300 ms (FindLiveObjects: 0.395600 ms CreateObjectMapping: 0.140500 ms MarkObjects: 7.379600 ms  DeleteObjects: 0.051800 ms)

AssetImportParameters requested are different than current active one (requested -> active):
  custom:framework-win-MediaFoundation: 216162199b28c13a410421893ffa2e32 -> 
  custom:video-decoder-ogg-theora: a1e56fd34408186e4bbccfd4996cb3dc -> 
  custom:container-muxer-webm: aa71ff27fc2769a1b78a27578f13a17b -> 
  custom:container-demuxer-webm: 4f35f7cbe854078d1ac9338744f61a02 -> 
  custom:container-demuxer-ogg: 62fdf1f143b41e24485cea50d1cbac27 -> 
  custom:video-encoder-webm-vp8: eb34c28f22e8b96e1ab97ce403110664 -> 
  custom:video-codec-MediaFoundation-h265: 746d11721c4dcdbdad8f713fa42b33f4 -> 
  custom:video-decoder-webm-vp8: 9c59270c3fd7afecdb556c50c9e8de78 -> 
  custom:audio-decoder-ogg-vorbis: bf7c407c2cedff20999df2af8eb42d56 -> 
  custom:audio-encoder-webm-vorbis: bf7c407c2cedff20999df2af8eb42d56 -> 
========================================================================
Received Import Request.
  Time since last request: 156.639431 seconds.
  path: Assets/Scr
  artifactKey: Guid(e6b8b9494cb946647a0e2ec2425a44fe) Importer(815301076,1909f56bfc062723c751e8b465ee728b)
Start importing Assets/Scr using Guid(e6b8b9494cb946647a0e2ec2425a44fe) Importer(815301076,1909f56bfc062723c751e8b465ee728b)  -> (artifact id: '6b5a9d7171a592b61ff5a77054e5b1fa') in 0.031711 seconds 
  Import took 0.040726 seconds .

========================================================================
Received Import Request.
  Time since last request: 6.903371 seconds.
  path: Assets/Scr/PowerUps
  artifactKey: Guid(6aaeaaf39fddb5448bb3647c4f92ae01) Importer(815301076,1909f56bfc062723c751e8b465ee728b)
Start importing Assets/Scr/PowerUps using Guid(6aaeaaf39fddb5448bb3647c4f92ae01) Importer(815301076,1909f56bfc062723c751e8b465ee728b)  -> (artifact id: 'a7cb6c87f3ff5e61a49376ca3b97bcd5') in 0.007388 seconds 
  Import took 0.016299 seconds .

========================================================================
Received Import Request.
  Time since last request: 22.263885 seconds.
  path: Assets/Scr/PowerUps/PowerUp.cs
  artifactKey: Guid(aa34d80651268e64d9895ad5ad982554) Importer(815301076,1909f56bfc062723c751e8b465ee728b)
Start importing Assets/Scr/PowerUps/PowerUp.cs using Guid(aa34d80651268e64d9895ad5ad982554) Importer(815301076,1909f56bfc062723c751e8b465ee728b)  -> (artifact id: '53887fdf1237dccd995b52d8a70d5152') in 0.027151 seconds 
  Import took 0.040054 seconds .

========================================================================
Received Prepare
Registering precompiled user dll's ...
Registered in 0.009579 seconds.
Begin MonoManager ReloadAssembly
Native extension for WindowsStandalone target not found
Native extension for WebGL target not found
Refreshing native plugins compatible for Editor in 1.24 ms, found 3 plugins.
Preloading 0 native plugins for Editor in 0.00 ms.
Mono: successfully reloaded assembly
- Completed reload, in  2.496 seconds
Domain Reload Profiling:
	ReloadAssembly (2497ms)
		BeginReloadAssembly (204ms)
			ExecutionOrderSort (0ms)
			DisableScriptedObjects (17ms)
			BackupInstance (0ms)
			ReleaseScriptingObjects (0ms)
			CreateAndSetChildDomain (54ms)
		EndReloadAssembly (2154ms)
			LoadAssemblies (184ms)
			RebuildTransferFunctionScriptingTraits (0ms)
			SetupTypeCache (664ms)
			ReleaseScriptCaches (2ms)
			RebuildScriptCaches (135ms)
			SetupLoadedEditorAssemblies (793ms)
				LogAssemblyErrors (0ms)
				InitializePlatformSupportModulesInManaged (17ms)
				SetLoadedEditorAssemblies (2ms)
				RefreshPlugins (1ms)
				BeforeProcessingInitializeOnLoad (219ms)
				ProcessInitializeOnLoadAttributes (481ms)
				ProcessInitializeOnLoadMethodAttributes (34ms)
				AfterProcessingInitializeOnLoad (37ms)
				EditorAssembliesLoaded (1ms)
			ExecutionOrderSort2 (0ms)
			AwakeInstancesAfterBackupRestoration (31ms)
Platform modules already initialized, skipping
Refreshing native plugins compatible for Editor in 1.72 ms, found 3 plugins.
Preloading 0 native plugins for Editor in 0.00 ms.
Unloading 2194 Unused Serialized files (Serialized files now loaded: 0)
System memory in use before: 100.3 MB.
System memory in use after: 100.4 MB.

Unloading 17 unused Assets to reduce memory usage. Loaded Objects now: 2673.
Total: 8.231800 ms (FindLiveObjects: 0.401100 ms CreateObjectMapping: 0.146400 ms MarkObjects: 7.637400 ms  DeleteObjects: 0.044500 ms)

AssetImportParameters requested are different than current active one (requested -> active):
  custom:framework-win-MediaFoundation: 216162199b28c13a410421893ffa2e32 -> 
  custom:video-decoder-ogg-theora: a1e56fd34408186e4bbccfd4996cb3dc -> 
  custom:container-muxer-webm: aa71ff27fc2769a1b78a27578f13a17b -> 
  custom:container-demuxer-webm: 4f35f7cbe854078d1ac9338744f61a02 -> 
  custom:container-demuxer-ogg: 62fdf1f143b41e24485cea50d1cbac27 -> 
  custom:video-encoder-webm-vp8: eb34c28f22e8b96e1ab97ce403110664 -> 
  custom:video-codec-MediaFoundation-h265: 746d11721c4dcdbdad8f713fa42b33f4 -> 
  custom:video-decoder-webm-vp8: 9c59270c3fd7afecdb556c50c9e8de78 -> 
  custom:audio-decoder-ogg-vorbis: bf7c407c2cedff20999df2af8eb42d56 -> 
  custom:audio-encoder-webm-vorbis: bf7c407c2cedff20999df2af8eb42d56 -> 
========================================================================
Received Import Request.
  Time since last request: 16.124251 seconds.
  path: Assets/Resources/Prefabs/PowerUps/50pts.prefab
  artifactKey: Guid(26299622d2752dc4b9a8863eec5a19d2) Importer(815301076,1909f56bfc062723c751e8b465ee728b)
Start importing Assets/Resources/Prefabs/PowerUps/50pts.prefab using Guid(26299622d2752dc4b9a8863eec5a19d2) Importer(815301076,1909f56bfc062723c751e8b465ee728b)  -> (artifact id: '4fca9379121537f81803bf4cff77abf6') in 0.125866 seconds 
  Import took 0.133112 seconds .

========================================================================
Received Import Request.
  Time since last request: 47.457525 seconds.
  path: Assets/Scr/PowerUps/PowerUp.cs
  artifactKey: Guid(aa34d80651268e64d9895ad5ad982554) Importer(815301076,1909f56bfc062723c751e8b465ee728b)
Start importing Assets/Scr/PowerUps/PowerUp.cs using Guid(aa34d80651268e64d9895ad5ad982554) Importer(815301076,1909f56bfc062723c751e8b465ee728b)  -> (artifact id: '75f28efd38628bda138fafc59054ee88') in 0.010987 seconds 
  Import took 0.022992 seconds .

========================================================================
Received Import Request.
  Time since last request: 43.077252 seconds.
  path: Assets/Scr/PowerUps/PowerUp.cs
  artifactKey: Guid(aa34d80651268e64d9895ad5ad982554) Importer(815301076,1909f56bfc062723c751e8b465ee728b)
Start importing Assets/Scr/PowerUps/PowerUp.cs using Guid(aa34d80651268e64d9895ad5ad982554) Importer(815301076,1909f56bfc062723c751e8b465ee728b)  -> (artifact id: '86cb8310f9a33e8438be027fb68730ab') in 0.008649 seconds 
  Import took 0.014826 seconds .

========================================================================
Received Prepare
Registering precompiled user dll's ...
Registered in 0.010319 seconds.
Begin MonoManager ReloadAssembly
Native extension for WindowsStandalone target not found
Native extension for WebGL target not found
Refreshing native plugins compatible for Editor in 1.02 ms, found 3 plugins.
Preloading 0 native plugins for Editor in 0.00 ms.
Mono: successfully reloaded assembly
- Completed reload, in  1.780 seconds
Domain Reload Profiling:
	ReloadAssembly (1781ms)
		BeginReloadAssembly (181ms)
			ExecutionOrderSort (0ms)
			DisableScriptedObjects (11ms)
			BackupInstance (0ms)
			ReleaseScriptingObjects (0ms)
			CreateAndSetChildDomain (46ms)
		EndReloadAssembly (1492ms)
			LoadAssemblies (158ms)
			RebuildTransferFunctionScriptingTraits (0ms)
			SetupTypeCache (591ms)
			ReleaseScriptCaches (2ms)
			RebuildScriptCaches (70ms)
			SetupLoadedEditorAssemblies (464ms)
				LogAssemblyErrors (0ms)
				InitializePlatformSupportModulesInManaged (8ms)
				SetLoadedEditorAssemblies (1ms)
				RefreshPlugins (1ms)
				BeforeProcessingInitializeOnLoad (122ms)
				ProcessInitializeOnLoadAttributes (289ms)
				ProcessInitializeOnLoadMethodAttributes (20ms)
				AfterProcessingInitializeOnLoad (23ms)
				EditorAssembliesLoaded (0ms)
			ExecutionOrderSort2 (0ms)
			AwakeInstancesAfterBackupRestoration (16ms)
Platform modules already initialized, skipping
Refreshing native plugins compatible for Editor in 1.22 ms, found 3 plugins.
Preloading 0 native plugins for Editor in 0.00 ms.
Unloading 2194 Unused Serialized files (Serialized files now loaded: 0)
System memory in use before: 100.3 MB.
System memory in use after: 100.4 MB.

Unloading 17 unused Assets to reduce memory usage. Loaded Objects now: 2676.
Total: 9.315500 ms (FindLiveObjects: 0.433900 ms CreateObjectMapping: 0.150300 ms MarkObjects: 8.666200 ms  DeleteObjects: 0.062300 ms)

AssetImportParameters requested are different than current active one (requested -> active):
  custom:framework-win-MediaFoundation: 216162199b28c13a410421893ffa2e32 -> 
  custom:video-decoder-ogg-theora: a1e56fd34408186e4bbccfd4996cb3dc -> 
  custom:container-muxer-webm: aa71ff27fc2769a1b78a27578f13a17b -> 
  custom:container-demuxer-webm: 4f35f7cbe854078d1ac9338744f61a02 -> 
  custom:container-demuxer-ogg: 62fdf1f143b41e24485cea50d1cbac27 -> 
  custom:video-encoder-webm-vp8: eb34c28f22e8b96e1ab97ce403110664 -> 
  custom:video-codec-MediaFoundation-h265: 746d11721c4dcdbdad8f713fa42b33f4 -> 
  custom:video-decoder-webm-vp8: 9c59270c3fd7afecdb556c50c9e8de78 -> 
  custom:audio-decoder-ogg-vorbis: bf7c407c2cedff20999df2af8eb42d56 -> 
  custom:audio-encoder-webm-vorbis: bf7c407c2cedff20999df2af8eb42d56 -> 
========================================================================
Received Import Request.
  Time since last request: 27.037139 seconds.
  path: Assets/Scr/PowerUps/PowerUp.cs
  artifactKey: Guid(aa34d80651268e64d9895ad5ad982554) Importer(815301076,1909f56bfc062723c751e8b465ee728b)
Start importing Assets/Scr/PowerUps/PowerUp.cs using Guid(aa34d80651268e64d9895ad5ad982554) Importer(815301076,1909f56bfc062723c751e8b465ee728b)  -> (artifact id: '89b1e566167975bc88a443c50a69b74b') in 0.018162 seconds 
  Import took 0.026781 seconds .

========================================================================
Received Prepare
Registering precompiled user dll's ...
Registered in 0.009683 seconds.
Begin MonoManager ReloadAssembly
Native extension for WindowsStandalone target not found
Native extension for WebGL target not found
Refreshing native plugins compatible for Editor in 0.75 ms, found 3 plugins.
Preloading 0 native plugins for Editor in 0.00 ms.
Mono: successfully reloaded assembly
- Completed reload, in  2.320 seconds
Domain Reload Profiling:
	ReloadAssembly (2321ms)
		BeginReloadAssembly (205ms)
			ExecutionOrderSort (0ms)
			DisableScriptedObjects (14ms)
			BackupInstance (0ms)
			ReleaseScriptingObjects (0ms)
			CreateAndSetChildDomain (50ms)
		EndReloadAssembly (1973ms)
			LoadAssemblies (193ms)
			RebuildTransferFunctionScriptingTraits (0ms)
			SetupTypeCache (746ms)
			ReleaseScriptCaches (2ms)
			RebuildScriptCaches (76ms)
			SetupLoadedEditorAssemblies (691ms)
				LogAssemblyErrors (0ms)
				InitializePlatformSupportModulesInManaged (17ms)
				SetLoadedEditorAssemblies (1ms)
				RefreshPlugins (1ms)
				BeforeProcessingInitializeOnLoad (106ms)
				ProcessInitializeOnLoadAttributes (507ms)
				ProcessInitializeOnLoadMethodAttributes (33ms)
				AfterProcessingInitializeOnLoad (24ms)
				EditorAssembliesLoaded (0ms)
			ExecutionOrderSort2 (0ms)
			AwakeInstancesAfterBackupRestoration (37ms)
Platform modules already initialized, skipping
Refreshing native plugins compatible for Editor in 0.71 ms, found 3 plugins.
Preloading 0 native plugins for Editor in 0.00 ms.
Unloading 2194 Unused Serialized files (Serialized files now loaded: 0)
System memory in use before: 100.3 MB.
System memory in use after: 100.4 MB.

Unloading 17 unused Assets to reduce memory usage. Loaded Objects now: 2678.
Total: 9.241700 ms (FindLiveObjects: 0.386600 ms CreateObjectMapping: 0.134600 ms MarkObjects: 8.671600 ms  DeleteObjects: 0.046000 ms)

AssetImportParameters requested are different than current active one (requested -> active):
  custom:framework-win-MediaFoundation: 216162199b28c13a410421893ffa2e32 -> 
  custom:video-decoder-ogg-theora: a1e56fd34408186e4bbccfd4996cb3dc -> 
  custom:container-muxer-webm: aa71ff27fc2769a1b78a27578f13a17b -> 
  custom:container-demuxer-webm: 4f35f7cbe854078d1ac9338744f61a02 -> 
  custom:container-demuxer-ogg: 62fdf1f143b41e24485cea50d1cbac27 -> 
  custom:video-encoder-webm-vp8: eb34c28f22e8b96e1ab97ce403110664 -> 
  custom:video-codec-MediaFoundation-h265: 746d11721c4dcdbdad8f713fa42b33f4 -> 
  custom:video-decoder-webm-vp8: 9c59270c3fd7afecdb556c50c9e8de78 -> 
  custom:audio-decoder-ogg-vorbis: bf7c407c2cedff20999df2af8eb42d56 -> 
  custom:audio-encoder-webm-vorbis: bf7c407c2cedff20999df2af8eb42d56 -> 
========================================================================
Received Prepare
Registering precompiled user dll's ...
Registered in 0.019415 seconds.
Begin MonoManager ReloadAssembly
Native extension for WindowsStandalone target not found
Native extension for WebGL target not found
Refreshing native plugins compatible for Editor in 1.16 ms, found 3 plugins.
Preloading 0 native plugins for Editor in 0.00 ms.
Mono: successfully reloaded assembly
- Completed reload, in  2.450 seconds
Domain Reload Profiling:
	ReloadAssembly (2451ms)
		BeginReloadAssembly (236ms)
			ExecutionOrderSort (0ms)
			DisableScriptedObjects (12ms)
			BackupInstance (0ms)
			ReleaseScriptingObjects (0ms)
			CreateAndSetChildDomain (65ms)
		EndReloadAssembly (2113ms)
			LoadAssemblies (185ms)
			RebuildTransferFunctionScriptingTraits (0ms)
			SetupTypeCache (582ms)
			ReleaseScriptCaches (2ms)
			RebuildScriptCaches (122ms)
			SetupLoadedEditorAssemblies (864ms)
				LogAssemblyErrors (0ms)
				InitializePlatformSupportModulesInManaged (17ms)
				SetLoadedEditorAssemblies (1ms)
				RefreshPlugins (1ms)
				BeforeProcessingInitializeOnLoad (239ms)
				ProcessInitializeOnLoadAttributes (548ms)
				ProcessInitializeOnLoadMethodAttributes (16ms)
				AfterProcessingInitializeOnLoad (40ms)
				EditorAssembliesLoaded (1ms)
			ExecutionOrderSort2 (0ms)
			AwakeInstancesAfterBackupRestoration (37ms)
Platform modules already initialized, skipping
Refreshing native plugins compatible for Editor in 1.22 ms, found 3 plugins.
Preloading 0 native plugins for Editor in 0.00 ms.
Unloading 2194 Unused Serialized files (Serialized files now loaded: 0)
System memory in use before: 100.3 MB.
System memory in use after: 100.4 MB.

Unloading 17 unused Assets to reduce memory usage. Loaded Objects now: 2680.
Total: 7.222800 ms (FindLiveObjects: 0.506600 ms CreateObjectMapping: 0.135600 ms MarkObjects: 6.545300 ms  DeleteObjects: 0.032500 ms)

AssetImportParameters requested are different than current active one (requested -> active):
  custom:framework-win-MediaFoundation: 216162199b28c13a410421893ffa2e32 -> 
  custom:video-decoder-ogg-theora: a1e56fd34408186e4bbccfd4996cb3dc -> 
  custom:container-muxer-webm: aa71ff27fc2769a1b78a27578f13a17b -> 
  custom:container-demuxer-webm: 4f35f7cbe854078d1ac9338744f61a02 -> 
  custom:container-demuxer-ogg: 62fdf1f143b41e24485cea50d1cbac27 -> 
  custom:video-encoder-webm-vp8: eb34c28f22e8b96e1ab97ce403110664 -> 
  custom:video-codec-MediaFoundation-h265: 746d11721c4dcdbdad8f713fa42b33f4 -> 
  custom:video-decoder-webm-vp8: 9c59270c3fd7afecdb556c50c9e8de78 -> 
  custom:audio-decoder-ogg-vorbis: bf7c407c2cedff20999df2af8eb42d56 -> 
  custom:audio-encoder-webm-vorbis: bf7c407c2cedff20999df2af8eb42d56 -> 
========================================================================
Received Prepare
Registering precompiled user dll's ...
Registered in 0.020586 seconds.
Begin MonoManager ReloadAssembly
Native extension for WindowsStandalone target not found
Native extension for WebGL target not found
Refreshing native plugins compatible for Editor in 1.24 ms, found 3 plugins.
Preloading 0 native plugins for Editor in 0.00 ms.
Mono: successfully reloaded assembly
- Completed reload, in  2.415 seconds
Domain Reload Profiling:
	ReloadAssembly (2416ms)
		BeginReloadAssembly (351ms)
			ExecutionOrderSort (0ms)
			DisableScriptedObjects (19ms)
			BackupInstance (0ms)
			ReleaseScriptingObjects (0ms)
			CreateAndSetChildDomain (80ms)
		EndReloadAssembly (1853ms)
			LoadAssemblies (277ms)
			RebuildTransferFunctionScriptingTraits (0ms)
			SetupTypeCache (479ms)
			ReleaseScriptCaches (2ms)
			RebuildScriptCaches (122ms)
			SetupLoadedEditorAssemblies (757ms)
				LogAssemblyErrors (0ms)
				InitializePlatformSupportModulesInManaged (17ms)
				SetLoadedEditorAssemblies (1ms)
				RefreshPlugins (1ms)
				BeforeProcessingInitializeOnLoad (182ms)
				ProcessInitializeOnLoadAttributes (479ms)
				ProcessInitializeOnLoadMethodAttributes (34ms)
				AfterProcessingInitializeOnLoad (42ms)
				EditorAssembliesLoaded (1ms)
			ExecutionOrderSort2 (0ms)
			AwakeInstancesAfterBackupRestoration (22ms)
Platform modules already initialized, skipping
Refreshing native plugins compatible for Editor in 1.23 ms, found 3 plugins.
Preloading 0 native plugins for Editor in 0.00 ms.
Unloading 2194 Unused Serialized files (Serialized files now loaded: 0)
System memory in use before: 100.4 MB.
System memory in use after: 100.5 MB.

Unloading 17 unused Assets to reduce memory usage. Loaded Objects now: 2682.
Total: 4.727900 ms (FindLiveObjects: 0.284500 ms CreateObjectMapping: 0.067100 ms MarkObjects: 4.345200 ms  DeleteObjects: 0.029600 ms)

AssetImportParameters requested are different than current active one (requested -> active):
  custom:framework-win-MediaFoundation: 216162199b28c13a410421893ffa2e32 -> 
  custom:video-decoder-ogg-theora: a1e56fd34408186e4bbccfd4996cb3dc -> 
  custom:container-muxer-webm: aa71ff27fc2769a1b78a27578f13a17b -> 
  custom:container-demuxer-webm: 4f35f7cbe854078d1ac9338744f61a02 -> 
  custom:container-demuxer-ogg: 62fdf1f143b41e24485cea50d1cbac27 -> 
  custom:video-encoder-webm-vp8: eb34c28f22e8b96e1ab97ce403110664 -> 
  custom:video-codec-MediaFoundation-h265: 746d11721c4dcdbdad8f713fa42b33f4 -> 
  custom:video-decoder-webm-vp8: 9c59270c3fd7afecdb556c50c9e8de78 -> 
  custom:audio-decoder-ogg-vorbis: bf7c407c2cedff20999df2af8eb42d56 -> 
  custom:audio-encoder-webm-vorbis: bf7c407c2cedff20999df2af8eb42d56 -> 
========================================================================
Received Import Request.
  Time since last request: 158.788960 seconds.
  path: Assets/Resources/Prefabs/PowerUps/50pts.prefab
  artifactKey: Guid(26299622d2752dc4b9a8863eec5a19d2) Importer(815301076,1909f56bfc062723c751e8b465ee728b)
Start importing Assets/Resources/Prefabs/PowerUps/50pts.prefab using Guid(26299622d2752dc4b9a8863eec5a19d2) Importer(815301076,1909f56bfc062723c751e8b465ee728b)  -> (artifact id: 'ca204fe6ea70bc02f32e0ec3d10fb6f0') in 0.104815 seconds 
  Import took 0.111019 seconds .

========================================================================
Received Import Request.
  Time since last request: 4.098675 seconds.
  path: Assets/Resources/Prefabs/PowerUps/50pts.prefab
  artifactKey: Guid(26299622d2752dc4b9a8863eec5a19d2) Importer(815301076,1909f56bfc062723c751e8b465ee728b)
Start importing Assets/Resources/Prefabs/PowerUps/50pts.prefab using Guid(26299622d2752dc4b9a8863eec5a19d2) Importer(815301076,1909f56bfc062723c751e8b465ee728b)  -> (artifact id: '5ab74fb055cf492fcca27ad779cffb23') in 0.033467 seconds 
  Import took 0.042994 seconds .

========================================================================
Received Import Request.
  Time since last request: 5.438088 seconds.
  path: Assets/Resources/Prefabs/PowerUps/50pts.prefab
  artifactKey: Guid(26299622d2752dc4b9a8863eec5a19d2) Importer(815301076,1909f56bfc062723c751e8b465ee728b)
Start importing Assets/Resources/Prefabs/PowerUps/50pts.prefab using Guid(26299622d2752dc4b9a8863eec5a19d2) Importer(815301076,1909f56bfc062723c751e8b465ee728b)  -> (artifact id: 'c4381ea7ca03e5d0250d673d382bb657') in 0.034565 seconds 
  Import took 0.044619 seconds .

========================================================================
Received Prepare
Registering precompiled user dll's ...
Registered in 0.013515 seconds.
Begin MonoManager ReloadAssembly
Native extension for WindowsStandalone target not found
Native extension for WebGL target not found
Refreshing native plugins compatible for Editor in 0.75 ms, found 3 plugins.
Preloading 0 native plugins for Editor in 0.00 ms.
Mono: successfully reloaded assembly
- Completed reload, in  1.654 seconds
Domain Reload Profiling:
	ReloadAssembly (1655ms)
		BeginReloadAssembly (186ms)
			ExecutionOrderSort (0ms)
			DisableScriptedObjects (9ms)
			BackupInstance (0ms)
			ReleaseScriptingObjects (0ms)
			CreateAndSetChildDomain (50ms)
		EndReloadAssembly (1351ms)
			LoadAssemblies (178ms)
			RebuildTransferFunctionScriptingTraits (0ms)
			SetupTypeCache (512ms)
			ReleaseScriptCaches (2ms)
			RebuildScriptCaches (56ms)
			SetupLoadedEditorAssemblies (457ms)
				LogAssemblyErrors (0ms)
				InitializePlatformSupportModulesInManaged (8ms)
				SetLoadedEditorAssemblies (1ms)
				RefreshPlugins (1ms)
				BeforeProcessingInitializeOnLoad (114ms)
				ProcessInitializeOnLoadAttributes (301ms)
				ProcessInitializeOnLoadMethodAttributes (15ms)
				AfterProcessingInitializeOnLoad (18ms)
				EditorAssembliesLoaded (0ms)
			ExecutionOrderSort2 (0ms)
			AwakeInstancesAfterBackupRestoration (11ms)
Platform modules already initialized, skipping
Refreshing native plugins compatible for Editor in 1.01 ms, found 3 plugins.
Preloading 0 native plugins for Editor in 0.00 ms.
Unloading 2194 Unused Serialized files (Serialized files now loaded: 0)
System memory in use before: 100.4 MB.
System memory in use after: 100.5 MB.

Unloading 17 unused Assets to reduce memory usage. Loaded Objects now: 2685.
Total: 5.215800 ms (FindLiveObjects: 0.330400 ms CreateObjectMapping: 0.073800 ms MarkObjects: 4.767100 ms  DeleteObjects: 0.042100 ms)

AssetImportParameters requested are different than current active one (requested -> active):
  custom:framework-win-MediaFoundation: 216162199b28c13a410421893ffa2e32 -> 
  custom:video-decoder-ogg-theora: a1e56fd34408186e4bbccfd4996cb3dc -> 
  custom:container-muxer-webm: aa71ff27fc2769a1b78a27578f13a17b -> 
  custom:container-demuxer-webm: 4f35f7cbe854078d1ac9338744f61a02 -> 
  custom:container-demuxer-ogg: 62fdf1f143b41e24485cea50d1cbac27 -> 
  custom:video-encoder-webm-vp8: eb34c28f22e8b96e1ab97ce403110664 -> 
  custom:video-codec-MediaFoundation-h265: 746d11721c4dcdbdad8f713fa42b33f4 -> 
  custom:video-decoder-webm-vp8: 9c59270c3fd7afecdb556c50c9e8de78 -> 
  custom:audio-decoder-ogg-vorbis: bf7c407c2cedff20999df2af8eb42d56 -> 
  custom:audio-encoder-webm-vorbis: bf7c407c2cedff20999df2af8eb42d56 -> 
========================================================================
Received Prepare
Registering precompiled user dll's ...
Registered in 0.008868 seconds.
Begin MonoManager ReloadAssembly
Native extension for WindowsStandalone target not found
Native extension for WebGL target not found
Refreshing native plugins compatible for Editor in 1.31 ms, found 3 plugins.
Preloading 0 native plugins for Editor in 0.00 ms.
Mono: successfully reloaded assembly
- Completed reload, in  3.189 seconds
Domain Reload Profiling:
	ReloadAssembly (3190ms)
		BeginReloadAssembly (350ms)
			ExecutionOrderSort (0ms)
			DisableScriptedObjects (20ms)
			BackupInstance (0ms)
			ReleaseScriptingObjects (0ms)
			CreateAndSetChildDomain (85ms)
		EndReloadAssembly (2618ms)
			LoadAssemblies (340ms)
			RebuildTransferFunctionScriptingTraits (0ms)
			SetupTypeCache (879ms)
			ReleaseScriptCaches (3ms)
			RebuildScriptCaches (125ms)
			SetupLoadedEditorAssemblies (967ms)
				LogAssemblyErrors (0ms)
				InitializePlatformSupportModulesInManaged (17ms)
				SetLoadedEditorAssemblies (1ms)
				RefreshPlugins (1ms)
				BeforeProcessingInitializeOnLoad (224ms)
				ProcessInitializeOnLoadAttributes (645ms)
				ProcessInitializeOnLoadMethodAttributes (33ms)
				AfterProcessingInitializeOnLoad (43ms)
				EditorAssembliesLoaded (0ms)
			ExecutionOrderSort2 (0ms)
			AwakeInstancesAfterBackupRestoration (34ms)
Platform modules already initialized, skipping
Refreshing native plugins compatible for Editor in 1.22 ms, found 3 plugins.
Preloading 0 native plugins for Editor in 0.00 ms.
Unloading 2194 Unused Serialized files (Serialized files now loaded: 0)
System memory in use before: 100.4 MB.
System memory in use after: 100.5 MB.

Unloading 17 unused Assets to reduce memory usage. Loaded Objects now: 2687.
Total: 8.673900 ms (FindLiveObjects: 0.377500 ms CreateObjectMapping: 0.135700 ms MarkObjects: 8.113300 ms  DeleteObjects: 0.044100 ms)

AssetImportParameters requested are different than current active one (requested -> active):
  custom:framework-win-MediaFoundation: 216162199b28c13a410421893ffa2e32 -> 
  custom:video-decoder-ogg-theora: a1e56fd34408186e4bbccfd4996cb3dc -> 
  custom:container-muxer-webm: aa71ff27fc2769a1b78a27578f13a17b -> 
  custom:container-demuxer-webm: 4f35f7cbe854078d1ac9338744f61a02 -> 
  custom:container-demuxer-ogg: 62fdf1f143b41e24485cea50d1cbac27 -> 
  custom:video-encoder-webm-vp8: eb34c28f22e8b96e1ab97ce403110664 -> 
  custom:video-codec-MediaFoundation-h265: 746d11721c4dcdbdad8f713fa42b33f4 -> 
  custom:video-decoder-webm-vp8: 9c59270c3fd7afecdb556c50c9e8de78 -> 
  custom:audio-decoder-ogg-vorbis: bf7c407c2cedff20999df2af8eb42d56 -> 
  custom:audio-encoder-webm-vorbis: bf7c407c2cedff20999df2af8eb42d56 -> 
========================================================================
Received Import Request.
  Time since last request: 114.380537 seconds.
  path: Assets/Resources/Prefabs/PowerUps/50pts.prefab
  artifactKey: Guid(26299622d2752dc4b9a8863eec5a19d2) Importer(815301076,1909f56bfc062723c751e8b465ee728b)
Start importing Assets/Resources/Prefabs/PowerUps/50pts.prefab using Guid(26299622d2752dc4b9a8863eec5a19d2) Importer(815301076,1909f56bfc062723c751e8b465ee728b)  -> (artifact id: 'fbef6d3de166a02e6438c2081a3abd72') in 0.151406 seconds 
  Import took 0.160616 seconds .

========================================================================
Received Prepare
Registering precompiled user dll's ...
Registered in 0.020542 seconds.
Begin MonoManager ReloadAssembly
Native extension for WindowsStandalone target not found
Native extension for WebGL target not found
Refreshing native plugins compatible for Editor in 1.32 ms, found 3 plugins.
Preloading 0 native plugins for Editor in 0.00 ms.
Mono: successfully reloaded assembly
- Completed reload, in  2.310 seconds
Domain Reload Profiling:
	ReloadAssembly (2311ms)
		BeginReloadAssembly (337ms)
			ExecutionOrderSort (0ms)
			DisableScriptedObjects (19ms)
			BackupInstance (0ms)
			ReleaseScriptingObjects (0ms)
			CreateAndSetChildDomain (84ms)
		EndReloadAssembly (1837ms)
			LoadAssemblies (329ms)
			RebuildTransferFunctionScriptingTraits (0ms)
			SetupTypeCache (565ms)
			ReleaseScriptCaches (2ms)
			RebuildScriptCaches (98ms)
			SetupLoadedEditorAssemblies (654ms)
				LogAssemblyErrors (0ms)
				InitializePlatformSupportModulesInManaged (16ms)
				SetLoadedEditorAssemblies (1ms)
				RefreshPlugins (2ms)
				BeforeProcessingInitializeOnLoad (183ms)
				ProcessInitializeOnLoadAttributes (391ms)
				ProcessInitializeOnLoadMethodAttributes (32ms)
				AfterProcessingInitializeOnLoad (28ms)
				EditorAssembliesLoaded (0ms)
			ExecutionOrderSort2 (0ms)
			AwakeInstancesAfterBackupRestoration (12ms)
Platform modules already initialized, skipping
Refreshing native plugins compatible for Editor in 1.36 ms, found 3 plugins.
Preloading 0 native plugins for Editor in 0.00 ms.
Unloading 2194 Unused Serialized files (Serialized files now loaded: 0)
System memory in use before: 100.4 MB.
System memory in use after: 100.5 MB.

Unloading 17 unused Assets to reduce memory usage. Loaded Objects now: 2690.
Total: 7.118200 ms (FindLiveObjects: 0.359400 ms CreateObjectMapping: 0.115700 ms MarkObjects: 6.601900 ms  DeleteObjects: 0.038700 ms)

AssetImportParameters requested are different than current active one (requested -> active):
  custom:framework-win-MediaFoundation: 216162199b28c13a410421893ffa2e32 -> 
  custom:video-decoder-ogg-theora: a1e56fd34408186e4bbccfd4996cb3dc -> 
  custom:container-muxer-webm: aa71ff27fc2769a1b78a27578f13a17b -> 
  custom:container-demuxer-webm: 4f35f7cbe854078d1ac9338744f61a02 -> 
  custom:container-demuxer-ogg: 62fdf1f143b41e24485cea50d1cbac27 -> 
  custom:video-encoder-webm-vp8: eb34c28f22e8b96e1ab97ce403110664 -> 
  custom:video-codec-MediaFoundation-h265: 746d11721c4dcdbdad8f713fa42b33f4 -> 
  custom:video-decoder-webm-vp8: 9c59270c3fd7afecdb556c50c9e8de78 -> 
  custom:audio-decoder-ogg-vorbis: bf7c407c2cedff20999df2af8eb42d56 -> 
  custom:audio-encoder-webm-vorbis: bf7c407c2cedff20999df2af8eb42d56 -> 
========================================================================
Received Import Request.
  Time since last request: 86.865633 seconds.
  path: Assets/Resources/Sprites/BlockTiles
  artifactKey: Guid(e55bb9b3c30ac374e8ef94d087e3abd2) Importer(815301076,1909f56bfc062723c751e8b465ee728b)
Start importing Assets/Resources/Sprites/BlockTiles using Guid(e55bb9b3c30ac374e8ef94d087e3abd2) Importer(815301076,1909f56bfc062723c751e8b465ee728b)  -> (artifact id: '451cd55922addd683a3c59127535bb14') in 0.037256 seconds 
  Import took 0.047652 seconds .

========================================================================
Received Import Request.
  Time since last request: 1.038061 seconds.
  path: Assets/Resources/Sprites/BlockTiles/Big
  artifactKey: Guid(39296f1388415ae47befbc195bc2f8c3) Importer(815301076,1909f56bfc062723c751e8b465ee728b)
Start importing Assets/Resources/Sprites/BlockTiles/Big using Guid(39296f1388415ae47befbc195bc2f8c3) Importer(815301076,1909f56bfc062723c751e8b465ee728b)  -> (artifact id: '30d7e2ee055ac18c78ef13b75f396738') in 0.031748 seconds 
  Import took 0.048402 seconds .

========================================================================
Received Import Request.
  Time since last request: 0.000411 seconds.
  path: Assets/Resources/Sprites/BlockTiles/Big/Big_Orange_0.png
  artifactKey: Guid(56dc3bec1a1cb1346a38a2ea2805aeb2) Importer(815301076,1909f56bfc062723c751e8b465ee728b)
Start importing Assets/Resources/Sprites/BlockTiles/Big/Big_Orange_0.png using Guid(56dc3bec1a1cb1346a38a2ea2805aeb2) Importer(815301076,1909f56bfc062723c751e8b465ee728b)  -> (artifact id: '502ceed51cb513dd7db67e7b6554faf6') in 0.121989 seconds 
  Import took 0.127803 seconds .

========================================================================
Received Import Request.
  Time since last request: 0.000293 seconds.
  path: Assets/Resources/Sprites/BlockTiles/Big/Big_Orange_1.png
  artifactKey: Guid(348ad12264e25fd42b31304c7ae89b18) Importer(815301076,1909f56bfc062723c751e8b465ee728b)
Start importing Assets/Resources/Sprites/BlockTiles/Big/Big_Orange_1.png using Guid(348ad12264e25fd42b31304c7ae89b18) Importer(815301076,1909f56bfc062723c751e8b465ee728b)  -> (artifact id: 'bf803c0b2544ed4f9ce12514835fe322') in 0.044934 seconds 
  Import took 0.049719 seconds .

========================================================================
Received Import Request.
  Time since last request: 0.000470 seconds.
  path: Assets/Resources/Sprites/BlockTiles/Big/Big_Purple_0.png
  artifactKey: Guid(192847f449476da4a9eb883f27f5e4b4) Importer(815301076,1909f56bfc062723c751e8b465ee728b)
Start importing Assets/Resources/Sprites/BlockTiles/Big/Big_Purple_0.png using Guid(192847f449476da4a9eb883f27f5e4b4) Importer(815301076,1909f56bfc062723c751e8b465ee728b)  -> (artifact id: 'c1ee43aa1b6ff038ce381efba2de13ff') in 0.041238 seconds 
  Import took 0.046924 seconds .

========================================================================
Received Import Request.
  Time since last request: 0.000254 seconds.
  path: Assets/Resources/Sprites/BlockTiles/Big/Big_Blue_1.png
  artifactKey: Guid(fc62a9b04cd3d5b4a8c1d7869b790c0e) Importer(815301076,1909f56bfc062723c751e8b465ee728b)
Start importing Assets/Resources/Sprites/BlockTiles/Big/Big_Blue_1.png using Guid(fc62a9b04cd3d5b4a8c1d7869b790c0e) Importer(815301076,1909f56bfc062723c751e8b465ee728b)  -> (artifact id: 'bf3cf3453e573652a8dee2b518afa513') in 0.044791 seconds 
  Import took 0.050056 seconds .

========================================================================
Received Import Request.
  Time since last request: 0.000314 seconds.
  path: Assets/Resources/Sprites/BlockTiles/Big/Big_Green_1.png
  artifactKey: Guid(5353fc008a7898642b786f5b012b5939) Importer(815301076,1909f56bfc062723c751e8b465ee728b)
Start importing Assets/Resources/Sprites/BlockTiles/Big/Big_Green_1.png using Guid(5353fc008a7898642b786f5b012b5939) Importer(815301076,1909f56bfc062723c751e8b465ee728b)  -> (artifact id: '70a77c2fd1e97017ef601221287168c6') in 0.029839 seconds 
  Import took 0.034819 seconds .

========================================================================
Received Import Request.
  Time since last request: 0.000319 seconds.
  path: Assets/Resources/Sprites/BlockTiles/Big/Big_Blue_0.png
  artifactKey: Guid(205d8630e44eee64c889dc4212a62f63) Importer(815301076,1909f56bfc062723c751e8b465ee728b)
Start importing Assets/Resources/Sprites/BlockTiles/Big/Big_Blue_0.png using Guid(205d8630e44eee64c889dc4212a62f63) Importer(815301076,1909f56bfc062723c751e8b465ee728b)  -> (artifact id: '8960988ede8bb9f3b6a2fac0cfc214d9') in 0.029577 seconds 
  Import took 0.035529 seconds .

========================================================================
Received Import Request.
  Time since last request: 0.000260 seconds.
  path: Assets/Resources/Sprites/BlockTiles/Big/Big_Green_0.png
  artifactKey: Guid(6edc61ab0dd71514ca1603dc7521904a) Importer(815301076,1909f56bfc062723c751e8b465ee728b)
Start importing Assets/Resources/Sprites/BlockTiles/Big/Big_Green_0.png using Guid(6edc61ab0dd71514ca1603dc7521904a) Importer(815301076,1909f56bfc062723c751e8b465ee728b)  -> (artifact id: '4789095cbaae888a61d19d3a5e971045') in 0.028197 seconds 
  Import took 0.033986 seconds .

========================================================================
Received Import Request.
  Time since last request: 0.340471 seconds.
  path: Assets/Resources/Sprites/BlockTiles/Big/Big_Purple_1.png
  artifactKey: Guid(1eb6af8bd167ff6478176b3e05a3c1ba) Importer(815301076,1909f56bfc062723c751e8b465ee728b)
Start importing Assets/Resources/Sprites/BlockTiles/Big/Big_Purple_1.png using Guid(1eb6af8bd167ff6478176b3e05a3c1ba) Importer(815301076,1909f56bfc062723c751e8b465ee728b)  -> (artifact id: 'ea070c42c73caecae2483a664211c854') in 0.061547 seconds 
  Import took 0.070126 seconds .

========================================================================
Received Import Request.
  Time since last request: 0.000265 seconds.
  path: Assets/Resources/Sprites/BlockTiles/Big/Big_Red_1.png
  artifactKey: Guid(99eb9edff63d2aa4990182dedba26f4a) Importer(815301076,1909f56bfc062723c751e8b465ee728b)
Start importing Assets/Resources/Sprites/BlockTiles/Big/Big_Red_1.png using Guid(99eb9edff63d2aa4990182dedba26f4a) Importer(815301076,1909f56bfc062723c751e8b465ee728b)  -> (artifact id: '50a074dc86b6c2f8202a4e70401934d7') in 0.045818 seconds 
  Import took 0.051468 seconds .

========================================================================
Received Import Request.
  Time since last request: 0.000349 seconds.
  path: Assets/Resources/Sprites/BlockTiles/Big/Big_Red_0.png
  artifactKey: Guid(2da55a3efe5938a449878e1ff30dce8d) Importer(815301076,1909f56bfc062723c751e8b465ee728b)
Start importing Assets/Resources/Sprites/BlockTiles/Big/Big_Red_0.png using Guid(2da55a3efe5938a449878e1ff30dce8d) Importer(815301076,1909f56bfc062723c751e8b465ee728b)  -> (artifact id: 'c2ce8bf3c480923c186d673f4eaedd19') in 0.040295 seconds 
  Import took 0.045224 seconds .

========================================================================
Received Import Request.
  Time since last request: 6.338545 seconds.
  path: Assets/Resources/Levels/Level1.asset
  artifactKey: Guid(67de7904ca0f46c4cb089a546b9d78b9) Importer(815301076,1909f56bfc062723c751e8b465ee728b)
Start importing Assets/Resources/Levels/Level1.asset using Guid(67de7904ca0f46c4cb089a546b9d78b9) Importer(815301076,1909f56bfc062723c751e8b465ee728b)  -> (artifact id: '4c6f1746bb3385add518114eba7936ff') in 0.045498 seconds 
  Import took 0.053334 seconds .

========================================================================
Received Import Request.
  Time since last request: 0.000519 seconds.
  path: Assets/Resources/Levels/Level3.asset
  artifactKey: Guid(463b73f69f9094e4c9936b97ea0b1509) Importer(815301076,1909f56bfc062723c751e8b465ee728b)
Start importing Assets/Resources/Levels/Level3.asset using Guid(463b73f69f9094e4c9936b97ea0b1509) Importer(815301076,1909f56bfc062723c751e8b465ee728b)  -> (artifact id: 'b3eaea03374fdc070194b44013bdd4de') in 0.025189 seconds 
  Import took 0.033091 seconds .

========================================================================
Received Import Request.
  Time since last request: 0.000464 seconds.
  path: Assets/Resources/Levels/Level2.asset
  artifactKey: Guid(8ce59b610bf371249ad519b3d35ef75a) Importer(815301076,1909f56bfc062723c751e8b465ee728b)
Start importing Assets/Resources/Levels/Level2.asset using Guid(8ce59b610bf371249ad519b3d35ef75a) Importer(815301076,1909f56bfc062723c751e8b465ee728b)  -> (artifact id: '76c588f00bccb8ea366bc0e3f29cb143') in 0.044023 seconds 
  Import took 0.053441 seconds .

========================================================================
Received Import Request.
  Time since last request: 1.522676 seconds.
  path: Assets/Packables/Sprites/38-Breakout-Tiles.png
  artifactKey: Guid(48c0a8465fd94064dba0235083414329) Importer(815301076,1909f56bfc062723c751e8b465ee728b)
Start importing Assets/Packables/Sprites/38-Breakout-Tiles.png using Guid(48c0a8465fd94064dba0235083414329) Importer(815301076,1909f56bfc062723c751e8b465ee728b)  -> (artifact id: 'e8dc63e9b26fe23554fb9abda806daea') in 0.098108 seconds 
  Import took 0.106439 seconds .

========================================================================
Received Import Request.
  Time since last request: 0.000396 seconds.
  path: Assets/Packables/Sprites/40-Breakout-Tiles.png
  artifactKey: Guid(d05965426becb0940b2140fd8bab7ab6) Importer(815301076,1909f56bfc062723c751e8b465ee728b)
Start importing Assets/Packables/Sprites/40-Breakout-Tiles.png using Guid(d05965426becb0940b2140fd8bab7ab6) Importer(815301076,1909f56bfc062723c751e8b465ee728b)  -> (artifact id: 'd772ebea363c89904e83e03ba80ea3f0') in 0.050279 seconds 
  Import took 0.055525 seconds .

========================================================================
Received Import Request.
  Time since last request: 0.000259 seconds.
  path: Assets/Packables/Sprites/39-Breakout-Tiles.png
  artifactKey: Guid(48e5cc5dd3bbc9149827e1c1464e1963) Importer(815301076,1909f56bfc062723c751e8b465ee728b)
Start importing Assets/Packables/Sprites/39-Breakout-Tiles.png using Guid(48e5cc5dd3bbc9149827e1c1464e1963) Importer(815301076,1909f56bfc062723c751e8b465ee728b)  -> (artifact id: 'f7b16151f94aa428b653275f9603ec70') in 0.042554 seconds 
  Import took 0.048475 seconds .

========================================================================
Received Import Request.
  Time since last request: 0.000291 seconds.
  path: Assets/Packables/Sprites/41-Breakout-Tiles.png
  artifactKey: Guid(8950e6df22e4dc54db1ad5093b7272c6) Importer(815301076,1909f56bfc062723c751e8b465ee728b)
Start importing Assets/Packables/Sprites/41-Breakout-Tiles.png using Guid(8950e6df22e4dc54db1ad5093b7272c6) Importer(815301076,1909f56bfc062723c751e8b465ee728b)  -> (artifact id: 'aaff528f1253f67dff7a95c085ecce3b') in 0.048765 seconds 
  Import took 0.054107 seconds .

========================================================================
Received Import Request.
  Time since last request: 14.241837 seconds.
  path: Assets/Packables/Sprites/31-Breakout-Tiles.png
  artifactKey: Guid(f9d515f89f8e9c7409451decc56988de) Importer(815301076,1909f56bfc062723c751e8b465ee728b)
Start importing Assets/Packables/Sprites/31-Breakout-Tiles.png using Guid(f9d515f89f8e9c7409451decc56988de) Importer(815301076,1909f56bfc062723c751e8b465ee728b)  -> (artifact id: 'c084ea0e2c1a2962757b3fb5793b74e5') in 0.061257 seconds 
  Import took 0.072903 seconds .

========================================================================
Received Import Request.
  Time since last request: 6.288973 seconds.
  path: Assets/Packables/Sprites/31-Breakout-Tiles.png
  artifactKey: Guid(f9d515f89f8e9c7409451decc56988de) Importer(815301076,1909f56bfc062723c751e8b465ee728b)
Start importing Assets/Packables/Sprites/31-Breakout-Tiles.png using Guid(f9d515f89f8e9c7409451decc56988de) Importer(815301076,1909f56bfc062723c751e8b465ee728b)  -> (artifact id: '70dbfcda9fc0afb39dda16ea2e24b917') in 0.033782 seconds 
  Import took 0.043533 seconds .

========================================================================
Received Import Request.
  Time since last request: 67.475414 seconds.
  path: Assets/Resources/Prefabs/PowerUps/50pts.prefab
  artifactKey: Guid(26299622d2752dc4b9a8863eec5a19d2) Importer(815301076,1909f56bfc062723c751e8b465ee728b)
Start importing Assets/Resources/Prefabs/PowerUps/50pts.prefab using Guid(26299622d2752dc4b9a8863eec5a19d2) Importer(815301076,1909f56bfc062723c751e8b465ee728b)  -> (artifact id: '2c5ce39b4fe71dda9294457f3c45cc2a') in 0.055094 seconds 
  Import took 0.060361 seconds .

========================================================================
Received Import Request.
  Time since last request: 3.194329 seconds.
  path: Assets/Resources/Prefabs/PowerUps/50pts.prefab
  artifactKey: Guid(26299622d2752dc4b9a8863eec5a19d2) Importer(815301076,1909f56bfc062723c751e8b465ee728b)
Start importing Assets/Resources/Prefabs/PowerUps/50pts.prefab using Guid(26299622d2752dc4b9a8863eec5a19d2) Importer(815301076,1909f56bfc062723c751e8b465ee728b)  -> (artifact id: 'b318a20c9d6d325144c5c84a2dd361ec') in 0.024490 seconds 
  Import took 0.031246 seconds .

========================================================================
Received Import Request.
  Time since last request: 7.277944 seconds.
  path: Assets/Resources/Prefabs/PowerUps/50pts.prefab
  artifactKey: Guid(26299622d2752dc4b9a8863eec5a19d2) Importer(815301076,1909f56bfc062723c751e8b465ee728b)
Start importing Assets/Resources/Prefabs/PowerUps/50pts.prefab using Guid(26299622d2752dc4b9a8863eec5a19d2) Importer(815301076,1909f56bfc062723c751e8b465ee728b)  -> (artifact id: '20be5f7d66669f57022b3fa3c2d9be13') in 0.032005 seconds 
  Import took 0.042321 seconds .

========================================================================
Received Import Request.
  Time since last request: 10.491578 seconds.
  path: Assets/Resources/Prefabs/PowerUps/50pts.prefab
  artifactKey: Guid(26299622d2752dc4b9a8863eec5a19d2) Importer(815301076,1909f56bfc062723c751e8b465ee728b)
Start importing Assets/Resources/Prefabs/PowerUps/50pts.prefab using Guid(26299622d2752dc4b9a8863eec5a19d2) Importer(815301076,1909f56bfc062723c751e8b465ee728b)  -> (artifact id: 'ebbe641250da547642497aff06f8de3c') in 0.026841 seconds 
  Import took 0.032989 seconds .

========================================================================
Received Import Request.
  Time since last request: 23.889419 seconds.
  path: Assets/Resources/Prefabs/PowerUps/50pts.prefab
  artifactKey: Guid(26299622d2752dc4b9a8863eec5a19d2) Importer(815301076,1909f56bfc062723c751e8b465ee728b)
Start importing Assets/Resources/Prefabs/PowerUps/50pts.prefab using Guid(26299622d2752dc4b9a8863eec5a19d2) Importer(815301076,1909f56bfc062723c751e8b465ee728b)  -> (artifact id: '5fbca9c5370f8dc790cd030e3c1a7bbd') in 0.027622 seconds 
  Import took 0.033483 seconds .

========================================================================
Received Import Request.
  Time since last request: 22.267685 seconds.
  path: Assets/Resources/Prefabs/PowerUps/50pts.prefab
  artifactKey: Guid(26299622d2752dc4b9a8863eec5a19d2) Importer(815301076,1909f56bfc062723c751e8b465ee728b)
Start importing Assets/Resources/Prefabs/PowerUps/50pts.prefab using Guid(26299622d2752dc4b9a8863eec5a19d2) Importer(815301076,1909f56bfc062723c751e8b465ee728b)  -> (artifact id: 'fb4835ffb8c5d1b56cf64ddc75eadf88') in 0.043987 seconds 
  Import took 0.053121 seconds .

========================================================================
Received Import Request.
  Time since last request: 0.788285 seconds.
  path: Assets/Resources/Prefabs/PowerUps/50pts.prefab
  artifactKey: Guid(26299622d2752dc4b9a8863eec5a19d2) Importer(815301076,1909f56bfc062723c751e8b465ee728b)
Start importing Assets/Resources/Prefabs/PowerUps/50pts.prefab using Guid(26299622d2752dc4b9a8863eec5a19d2) Importer(815301076,1909f56bfc062723c751e8b465ee728b)  -> (artifact id: '422a89331ec7a886541e8b916cd0eecb') in 0.031084 seconds 
  Import took 0.040488 seconds .

========================================================================
Received Import Request.
  Time since last request: 25.195473 seconds.
  path: Assets/Resources/Prefabs/PowerUps/50pts.prefab
  artifactKey: Guid(26299622d2752dc4b9a8863eec5a19d2) Importer(815301076,1909f56bfc062723c751e8b465ee728b)
Start importing Assets/Resources/Prefabs/PowerUps/50pts.prefab using Guid(26299622d2752dc4b9a8863eec5a19d2) Importer(815301076,1909f56bfc062723c751e8b465ee728b)  -> (artifact id: 'b9f1d65dcab03ffe9de698f9adee2f5e') in 0.033757 seconds 
  Import took 0.043452 seconds .

========================================================================
Received Import Request.
  Time since last request: 5.083461 seconds.
  path: Assets/Resources/Prefabs/PowerUps/50pts.prefab
  artifactKey: Guid(26299622d2752dc4b9a8863eec5a19d2) Importer(815301076,1909f56bfc062723c751e8b465ee728b)
Start importing Assets/Resources/Prefabs/PowerUps/50pts.prefab using Guid(26299622d2752dc4b9a8863eec5a19d2) Importer(815301076,1909f56bfc062723c751e8b465ee728b)  -> (artifact id: '7ad189f6e09bc8612aada996f3615e56') in 0.024346 seconds 
  Import took 0.042765 seconds .

========================================================================
Received Import Request.
  Time since last request: 22.562837 seconds.
  path: Assets/Resources/Prefabs/PowerUps/50pts.prefab
  artifactKey: Guid(26299622d2752dc4b9a8863eec5a19d2) Importer(815301076,1909f56bfc062723c751e8b465ee728b)
Start importing Assets/Resources/Prefabs/PowerUps/50pts.prefab using Guid(26299622d2752dc4b9a8863eec5a19d2) Importer(815301076,1909f56bfc062723c751e8b465ee728b)  -> (artifact id: '710ca26ca7403cd8ffa5e5c236bd40bb') in 0.033004 seconds 
  Import took 0.042220 seconds .

========================================================================
Received Import Request.
  Time since last request: 1.182610 seconds.
  path: Assets/Resources/Prefabs/PowerUps/50pts.prefab
  artifactKey: Guid(26299622d2752dc4b9a8863eec5a19d2) Importer(815301076,1909f56bfc062723c751e8b465ee728b)
Start importing Assets/Resources/Prefabs/PowerUps/50pts.prefab using Guid(26299622d2752dc4b9a8863eec5a19d2) Importer(815301076,1909f56bfc062723c751e8b465ee728b)  -> (artifact id: 'ead4998760802aed4dc7fcbd8e3108be') in 0.040125 seconds 
  Import took 0.047963 seconds .

========================================================================
Received Import Request.
  Time since last request: 2.586211 seconds.
  path: Assets/Resources/Prefabs/PowerUps/50pts.prefab
  artifactKey: Guid(26299622d2752dc4b9a8863eec5a19d2) Importer(815301076,1909f56bfc062723c751e8b465ee728b)
Start importing Assets/Resources/Prefabs/PowerUps/50pts.prefab using Guid(26299622d2752dc4b9a8863eec5a19d2) Importer(815301076,1909f56bfc062723c751e8b465ee728b)  -> (artifact id: 'e1cfebbdab1e9a1498ec275031e61ae9') in 0.031903 seconds 
  Import took 0.042881 seconds .

========================================================================
Received Import Request.
  Time since last request: 3.025975 seconds.
  path: Assets/Packables/Materials/PMAT_BallBouncing.physicsMaterial2D
  artifactKey: Guid(5179fbe03325d9544b01c7c2565b92fc) Importer(815301076,1909f56bfc062723c751e8b465ee728b)
Start importing Assets/Packables/Materials/PMAT_BallBouncing.physicsMaterial2D using Guid(5179fbe03325d9544b01c7c2565b92fc) Importer(815301076,1909f56bfc062723c751e8b465ee728b)  -> (artifact id: 'f92952bb7844ed3cfb24c22a34095aa2') in 0.015110 seconds 
  Import took 0.020139 seconds .

========================================================================
Received Import Request.
  Time since last request: 14.267089 seconds.
  path: Assets/Resources/Prefabs/PowerUps/50pts.prefab
  artifactKey: Guid(26299622d2752dc4b9a8863eec5a19d2) Importer(815301076,1909f56bfc062723c751e8b465ee728b)
Start importing Assets/Resources/Prefabs/PowerUps/50pts.prefab using Guid(26299622d2752dc4b9a8863eec5a19d2) Importer(815301076,1909f56bfc062723c751e8b465ee728b)  -> (artifact id: 'f60c70beb8d2e11aae4847992db238aa') in 0.031610 seconds 
  Import took 0.041119 seconds .

========================================================================
Received Prepare
Registering precompiled user dll's ...
Registered in 0.009132 seconds.
Begin MonoManager ReloadAssembly
Native extension for WindowsStandalone target not found
Native extension for WebGL target not found
Refreshing native plugins compatible for Editor in 1.24 ms, found 3 plugins.
Preloading 0 native plugins for Editor in 0.00 ms.
Mono: successfully reloaded assembly
- Completed reload, in  2.294 seconds
Domain Reload Profiling:
	ReloadAssembly (2294ms)
		BeginReloadAssembly (201ms)
			ExecutionOrderSort (0ms)
			DisableScriptedObjects (13ms)
			BackupInstance (0ms)
			ReleaseScriptingObjects (0ms)
			CreateAndSetChildDomain (64ms)
		EndReloadAssembly (1923ms)
			LoadAssemblies (263ms)
			RebuildTransferFunctionScriptingTraits (0ms)
			SetupTypeCache (694ms)
			ReleaseScriptCaches (1ms)
			RebuildScriptCaches (63ms)
			SetupLoadedEditorAssemblies (691ms)
				LogAssemblyErrors (0ms)
				InitializePlatformSupportModulesInManaged (17ms)
				SetLoadedEditorAssemblies (1ms)
				RefreshPlugins (1ms)
				BeforeProcessingInitializeOnLoad (171ms)
				ProcessInitializeOnLoadAttributes (468ms)
				ProcessInitializeOnLoadMethodAttributes (14ms)
				AfterProcessingInitializeOnLoad (16ms)
				EditorAssembliesLoaded (0ms)
			ExecutionOrderSort2 (0ms)
			AwakeInstancesAfterBackupRestoration (23ms)
Platform modules already initialized, skipping
Refreshing native plugins compatible for Editor in 1.21 ms, found 3 plugins.
Preloading 0 native plugins for Editor in 0.00 ms.
Unloading 2194 Unused Serialized files (Serialized files now loaded: 0)
System memory in use before: 100.4 MB.
System memory in use after: 100.5 MB.

Unloading 17 unused Assets to reduce memory usage. Loaded Objects now: 2693.
Total: 8.311500 ms (FindLiveObjects: 0.383600 ms CreateObjectMapping: 0.200500 ms MarkObjects: 7.677100 ms  DeleteObjects: 0.047100 ms)

AssetImportParameters requested are different than current active one (requested -> active):
  custom:framework-win-MediaFoundation: 216162199b28c13a410421893ffa2e32 -> 
  custom:video-decoder-ogg-theora: a1e56fd34408186e4bbccfd4996cb3dc -> 
  custom:container-muxer-webm: aa71ff27fc2769a1b78a27578f13a17b -> 
  custom:container-demuxer-webm: 4f35f7cbe854078d1ac9338744f61a02 -> 
  custom:container-demuxer-ogg: 62fdf1f143b41e24485cea50d1cbac27 -> 
  custom:video-encoder-webm-vp8: eb34c28f22e8b96e1ab97ce403110664 -> 
  custom:video-codec-MediaFoundation-h265: 746d11721c4dcdbdad8f713fa42b33f4 -> 
  custom:video-decoder-webm-vp8: 9c59270c3fd7afecdb556c50c9e8de78 -> 
  custom:audio-decoder-ogg-vorbis: bf7c407c2cedff20999df2af8eb42d56 -> 
  custom:audio-encoder-webm-vorbis: bf7c407c2cedff20999df2af8eb42d56 -> 
========================================================================
Received Import Request.
  Time since last request: 84.287700 seconds.
  path: Assets/Resources/Prefabs/PowerUps/50pts.prefab
  artifactKey: Guid(26299622d2752dc4b9a8863eec5a19d2) Importer(815301076,1909f56bfc062723c751e8b465ee728b)
Start importing Assets/Resources/Prefabs/PowerUps/50pts.prefab using Guid(26299622d2752dc4b9a8863eec5a19d2) Importer(815301076,1909f56bfc062723c751e8b465ee728b)  -> (artifact id: 'a3a97aef9f7e8e86cb39794a593c6da6') in 0.162705 seconds 
  Import took 0.172024 seconds .

========================================================================
Received Import Request.
  Time since last request: 26.812519 seconds.
  path: Assets/Resources/Prefabs/PowerUps/50pts.prefab
  artifactKey: Guid(26299622d2752dc4b9a8863eec5a19d2) Importer(815301076,1909f56bfc062723c751e8b465ee728b)
Start importing Assets/Resources/Prefabs/PowerUps/50pts.prefab using Guid(26299622d2752dc4b9a8863eec5a19d2) Importer(815301076,1909f56bfc062723c751e8b465ee728b)  -> (artifact id: '00185fea69ca2d49384cd23533bd15fe') in 0.041258 seconds 
  Import took 0.050845 seconds .

========================================================================
Received Import Request.
  Time since last request: 25.862606 seconds.
  path: Assets/Resources/Prefabs/PowerUps/50pts.prefab
  artifactKey: Guid(26299622d2752dc4b9a8863eec5a19d2) Importer(815301076,1909f56bfc062723c751e8b465ee728b)
Start importing Assets/Resources/Prefabs/PowerUps/50pts.prefab using Guid(26299622d2752dc4b9a8863eec5a19d2) Importer(815301076,1909f56bfc062723c751e8b465ee728b)  -> (artifact id: 'e42f5efbd51e55436e3ad46353385815') in 0.028035 seconds 
  Import took 0.035887 seconds .

========================================================================
Received Import Request.
  Time since last request: 11.319910 seconds.
  path: Assets/Resources/Prefabs/PowerUps/50pts.prefab
  artifactKey: Guid(26299622d2752dc4b9a8863eec5a19d2) Importer(815301076,1909f56bfc062723c751e8b465ee728b)
Start importing Assets/Resources/Prefabs/PowerUps/50pts.prefab using Guid(26299622d2752dc4b9a8863eec5a19d2) Importer(815301076,1909f56bfc062723c751e8b465ee728b)  -> (artifact id: 'ada38c64aee237c4296fcd462a592686') in 0.028793 seconds 
  Import took 0.037002 seconds .

========================================================================
Received Prepare
Registering precompiled user dll's ...
Registered in 0.009952 seconds.
Begin MonoManager ReloadAssembly
Native extension for WindowsStandalone target not found
Native extension for WebGL target not found
Refreshing native plugins compatible for Editor in 1.35 ms, found 3 plugins.
Preloading 0 native plugins for Editor in 0.00 ms.
Mono: successfully reloaded assembly
- Completed reload, in  2.668 seconds
Domain Reload Profiling:
	ReloadAssembly (2668ms)
		BeginReloadAssembly (331ms)
			ExecutionOrderSort (0ms)
			DisableScriptedObjects (7ms)
			BackupInstance (0ms)
			ReleaseScriptingObjects (0ms)
			CreateAndSetChildDomain (80ms)
		EndReloadAssembly (2187ms)
			LoadAssemblies (340ms)
			RebuildTransferFunctionScriptingTraits (0ms)
			SetupTypeCache (792ms)
			ReleaseScriptCaches (2ms)
			RebuildScriptCaches (128ms)
			SetupLoadedEditorAssemblies (639ms)
				LogAssemblyErrors (0ms)
				InitializePlatformSupportModulesInManaged (18ms)
				SetLoadedEditorAssemblies (2ms)
				RefreshPlugins (2ms)
				BeforeProcessingInitializeOnLoad (203ms)
				ProcessInitializeOnLoadAttributes (377ms)
				ProcessInitializeOnLoadMethodAttributes (16ms)
				AfterProcessingInitializeOnLoad (23ms)
				EditorAssembliesLoaded (0ms)
			ExecutionOrderSort2 (0ms)
			AwakeInstancesAfterBackupRestoration (22ms)
Platform modules already initialized, skipping
Refreshing native plugins compatible for Editor in 1.20 ms, found 3 plugins.
Preloading 0 native plugins for Editor in 0.00 ms.
Unloading 2194 Unused Serialized files (Serialized files now loaded: 0)
System memory in use before: 100.4 MB.
System memory in use after: 100.5 MB.

Unloading 17 unused Assets to reduce memory usage. Loaded Objects now: 2696.
Total: 8.215300 ms (FindLiveObjects: 0.397200 ms CreateObjectMapping: 0.137000 ms MarkObjects: 7.630000 ms  DeleteObjects: 0.048200 ms)

AssetImportParameters requested are different than current active one (requested -> active):
  custom:framework-win-MediaFoundation: 216162199b28c13a410421893ffa2e32 -> 
  custom:video-decoder-ogg-theora: a1e56fd34408186e4bbccfd4996cb3dc -> 
  custom:container-muxer-webm: aa71ff27fc2769a1b78a27578f13a17b -> 
  custom:container-demuxer-webm: 4f35f7cbe854078d1ac9338744f61a02 -> 
  custom:container-demuxer-ogg: 62fdf1f143b41e24485cea50d1cbac27 -> 
  custom:video-encoder-webm-vp8: eb34c28f22e8b96e1ab97ce403110664 -> 
  custom:video-codec-MediaFoundation-h265: 746d11721c4dcdbdad8f713fa42b33f4 -> 
  custom:video-decoder-webm-vp8: 9c59270c3fd7afecdb556c50c9e8de78 -> 
  custom:audio-decoder-ogg-vorbis: bf7c407c2cedff20999df2af8eb42d56 -> 
  custom:audio-encoder-webm-vorbis: bf7c407c2cedff20999df2af8eb42d56 -> 
AssetImportWorkerClient::OnTransportError - code=2 error=End of file
